<?xml version="1.0" encoding="UTF-8"?>
<testsuite xmlns:xsi="http://www.w3.org/2001/XMLSchema-instance" xsi:noNamespaceSchemaLocation="https://maven.apache.org/surefire/maven-surefire-plugin/xsd/surefire-test-report.xsd" version="3.0.2" name="ch.fhnw.timerecordingbackend.service.TimeEntryServiceIntegrationTest" time="0.916" tests="6" errors="0" skipped="0" failures="0">
  <properties>
    <property name="java.specification.version" value="21"/>
    <property name="sun.jnu.encoding" value="UTF-8"/>
    <property name="java.class.path" value="/Users/philippdunkel/IdeaProjects/backend/target/test-classes:/Users/philippdunkel/IdeaProjects/backend/target/classes:/Users/philippdunkel/.m2/repository/org/springframework/boot/spring-boot-starter-data-jpa/3.4.4/spring-boot-starter-data-jpa-3.4.4.jar:/Users/philippdunkel/.m2/repository/org/springframework/boot/spring-boot-starter/3.4.4/spring-boot-starter-3.4.4.jar:/Users/philippdunkel/.m2/repository/org/springframework/boot/spring-boot-starter-logging/3.4.4/spring-boot-starter-logging-3.4.4.jar:/Users/philippdunkel/.m2/repository/ch/qos/logback/logback-classic/1.5.18/logback-classic-1.5.18.jar:/Users/philippdunkel/.m2/repository/ch/qos/logback/logback-core/1.5.18/logback-core-1.5.18.jar:/Users/philippdunkel/.m2/repository/org/apache/logging/log4j/log4j-to-slf4j/2.24.3/log4j-to-slf4j-2.24.3.jar:/Users/philippdunkel/.m2/repository/org/apache/logging/log4j/log4j-api/2.24.3/log4j-api-2.24.3.jar:/Users/philippdunkel/.m2/repository/org/slf4j/jul-to-slf4j/2.0.17/jul-to-slf4j-2.0.17.jar:/Users/philippdunkel/.m2/repository/jakarta/annotation/jakarta.annotation-api/2.1.1/jakarta.annotation-api-2.1.1.jar:/Users/philippdunkel/.m2/repository/org/yaml/snakeyaml/2.3/snakeyaml-2.3.jar:/Users/philippdunkel/.m2/repository/org/springframework/boot/spring-boot-starter-jdbc/3.4.4/spring-boot-starter-jdbc-3.4.4.jar:/Users/philippdunkel/.m2/repository/com/zaxxer/HikariCP/5.1.0/HikariCP-5.1.0.jar:/Users/philippdunkel/.m2/repository/org/springframework/spring-jdbc/6.2.5/spring-jdbc-6.2.5.jar:/Users/philippdunkel/.m2/repository/org/hibernate/orm/hibernate-core/6.6.11.Final/hibernate-core-6.6.11.Final.jar:/Users/philippdunkel/.m2/repository/jakarta/persistence/jakarta.persistence-api/3.1.0/jakarta.persistence-api-3.1.0.jar:/Users/philippdunkel/.m2/repository/jakarta/transaction/jakarta.transaction-api/2.0.1/jakarta.transaction-api-2.0.1.jar:/Users/philippdunkel/.m2/repository/org/jboss/logging/jboss-logging/3.6.1.Final/jboss-logging-3.6.1.Final.jar:/Users/philippdunkel/.m2/repository/org/hibernate/common/hibernate-commons-annotations/7.0.3.Final/hibernate-commons-annotations-7.0.3.Final.jar:/Users/philippdunkel/.m2/repository/io/smallrye/jandex/3.2.0/jandex-3.2.0.jar:/Users/philippdunkel/.m2/repository/com/fasterxml/classmate/1.7.0/classmate-1.7.0.jar:/Users/philippdunkel/.m2/repository/net/bytebuddy/byte-buddy/1.15.11/byte-buddy-1.15.11.jar:/Users/philippdunkel/.m2/repository/org/glassfish/jaxb/jaxb-runtime/4.0.5/jaxb-runtime-4.0.5.jar:/Users/philippdunkel/.m2/repository/org/glassfish/jaxb/jaxb-core/4.0.5/jaxb-core-4.0.5.jar:/Users/philippdunkel/.m2/repository/org/eclipse/angus/angus-activation/2.0.2/angus-activation-2.0.2.jar:/Users/philippdunkel/.m2/repository/org/glassfish/jaxb/txw2/4.0.5/txw2-4.0.5.jar:/Users/philippdunkel/.m2/repository/com/sun/istack/istack-commons-runtime/4.1.2/istack-commons-runtime-4.1.2.jar:/Users/philippdunkel/.m2/repository/jakarta/inject/jakarta.inject-api/2.0.1/jakarta.inject-api-2.0.1.jar:/Users/philippdunkel/.m2/repository/org/antlr/antlr4-runtime/4.13.0/antlr4-runtime-4.13.0.jar:/Users/philippdunkel/.m2/repository/org/springframework/data/spring-data-jpa/3.4.4/spring-data-jpa-3.4.4.jar:/Users/philippdunkel/.m2/repository/org/springframework/data/spring-data-commons/3.4.4/spring-data-commons-3.4.4.jar:/Users/philippdunkel/.m2/repository/org/springframework/spring-orm/6.2.5/spring-orm-6.2.5.jar:/Users/philippdunkel/.m2/repository/org/springframework/spring-context/6.2.5/spring-context-6.2.5.jar:/Users/philippdunkel/.m2/repository/org/springframework/spring-tx/6.2.5/spring-tx-6.2.5.jar:/Users/philippdunkel/.m2/repository/org/springframework/spring-beans/6.2.5/spring-beans-6.2.5.jar:/Users/philippdunkel/.m2/repository/org/slf4j/slf4j-api/2.0.17/slf4j-api-2.0.17.jar:/Users/philippdunkel/.m2/repository/org/springframework/spring-aspects/6.2.5/spring-aspects-6.2.5.jar:/Users/philippdunkel/.m2/repository/org/aspectj/aspectjweaver/1.9.23/aspectjweaver-1.9.23.jar:/Users/philippdunkel/.m2/repository/com/h2database/h2/2.3.232/h2-2.3.232.jar:/Users/philippdunkel/.m2/repository/org/postgresql/postgresql/42.7.5/postgresql-42.7.5.jar:/Users/philippdunkel/.m2/repository/org/checkerframework/checker-qual/3.48.3/checker-qual-3.48.3.jar:/Users/philippdunkel/.m2/repository/org/springframework/boot/spring-boot-starter-security/3.4.4/spring-boot-starter-security-3.4.4.jar:/Users/philippdunkel/.m2/repository/org/springframework/spring-aop/6.2.5/spring-aop-6.2.5.jar:/Users/philippdunkel/.m2/repository/org/springframework/security/spring-security-config/6.4.4/spring-security-config-6.4.4.jar:/Users/philippdunkel/.m2/repository/org/springframework/security/spring-security-web/6.4.4/spring-security-web-6.4.4.jar:/Users/philippdunkel/.m2/repository/org/springframework/spring-expression/6.2.5/spring-expression-6.2.5.jar:/Users/philippdunkel/.m2/repository/org/springframework/boot/spring-boot-starter-validation/3.4.4/spring-boot-starter-validation-3.4.4.jar:/Users/philippdunkel/.m2/repository/org/apache/tomcat/embed/tomcat-embed-el/10.1.39/tomcat-embed-el-10.1.39.jar:/Users/philippdunkel/.m2/repository/org/hibernate/validator/hibernate-validator/8.0.2.Final/hibernate-validator-8.0.2.Final.jar:/Users/philippdunkel/.m2/repository/jakarta/validation/jakarta.validation-api/3.0.2/jakarta.validation-api-3.0.2.jar:/Users/philippdunkel/.m2/repository/org/springframework/boot/spring-boot-starter-web/3.4.4/spring-boot-starter-web-3.4.4.jar:/Users/philippdunkel/.m2/repository/org/springframework/boot/spring-boot-starter-json/3.4.4/spring-boot-starter-json-3.4.4.jar:/Users/philippdunkel/.m2/repository/com/fasterxml/jackson/datatype/jackson-datatype-jdk8/2.18.3/jackson-datatype-jdk8-2.18.3.jar:/Users/philippdunkel/.m2/repository/com/fasterxml/jackson/datatype/jackson-datatype-jsr310/2.18.3/jackson-datatype-jsr310-2.18.3.jar:/Users/philippdunkel/.m2/repository/com/fasterxml/jackson/module/jackson-module-parameter-names/2.18.3/jackson-module-parameter-names-2.18.3.jar:/Users/philippdunkel/.m2/repository/org/springframework/boot/spring-boot-starter-tomcat/3.4.4/spring-boot-starter-tomcat-3.4.4.jar:/Users/philippdunkel/.m2/repository/org/apache/tomcat/embed/tomcat-embed-core/10.1.39/tomcat-embed-core-10.1.39.jar:/Users/philippdunkel/.m2/repository/org/apache/tomcat/embed/tomcat-embed-websocket/10.1.39/tomcat-embed-websocket-10.1.39.jar:/Users/philippdunkel/.m2/repository/org/springframework/spring-web/6.2.5/spring-web-6.2.5.jar:/Users/philippdunkel/.m2/repository/io/micrometer/micrometer-observation/1.14.5/micrometer-observation-1.14.5.jar:/Users/philippdunkel/.m2/repository/io/micrometer/micrometer-commons/1.14.5/micrometer-commons-1.14.5.jar:/Users/philippdunkel/.m2/repository/org/springframework/spring-webmvc/6.2.5/spring-webmvc-6.2.5.jar:/Users/philippdunkel/.m2/repository/org/springframework/boot/spring-boot-devtools/3.4.4/spring-boot-devtools-3.4.4.jar:/Users/philippdunkel/.m2/repository/org/springframework/boot/spring-boot/3.4.4/spring-boot-3.4.4.jar:/Users/philippdunkel/.m2/repository/org/springframework/boot/spring-boot-autoconfigure/3.4.4/spring-boot-autoconfigure-3.4.4.jar:/Users/philippdunkel/.m2/repository/org/projectlombok/lombok/1.18.36/lombok-1.18.36.jar:/Users/philippdunkel/.m2/repository/org/springframework/boot/spring-boot-starter-test/3.4.4/spring-boot-starter-test-3.4.4.jar:/Users/philippdunkel/.m2/repository/org/springframework/boot/spring-boot-test/3.4.4/spring-boot-test-3.4.4.jar:/Users/philippdunkel/.m2/repository/org/springframework/boot/spring-boot-test-autoconfigure/3.4.4/spring-boot-test-autoconfigure-3.4.4.jar:/Users/philippdunkel/.m2/repository/com/jayway/jsonpath/json-path/2.9.0/json-path-2.9.0.jar:/Users/philippdunkel/.m2/repository/jakarta/xml/bind/jakarta.xml.bind-api/4.0.2/jakarta.xml.bind-api-4.0.2.jar:/Users/philippdunkel/.m2/repository/jakarta/activation/jakarta.activation-api/2.1.3/jakarta.activation-api-2.1.3.jar:/Users/philippdunkel/.m2/repository/net/minidev/json-smart/2.5.2/json-smart-2.5.2.jar:/Users/philippdunkel/.m2/repository/net/minidev/accessors-smart/2.5.2/accessors-smart-2.5.2.jar:/Users/philippdunkel/.m2/repository/org/ow2/asm/asm/9.7.1/asm-9.7.1.jar:/Users/philippdunkel/.m2/repository/org/assertj/assertj-core/3.26.3/assertj-core-3.26.3.jar:/Users/philippdunkel/.m2/repository/org/awaitility/awaitility/4.2.2/awaitility-4.2.2.jar:/Users/philippdunkel/.m2/repository/org/hamcrest/hamcrest/2.2/hamcrest-2.2.jar:/Users/philippdunkel/.m2/repository/org/junit/jupiter/junit-jupiter/5.11.4/junit-jupiter-5.11.4.jar:/Users/philippdunkel/.m2/repository/org/junit/jupiter/junit-jupiter-api/5.11.4/junit-jupiter-api-5.11.4.jar:/Users/philippdunkel/.m2/repository/org/opentest4j/opentest4j/1.3.0/opentest4j-1.3.0.jar:/Users/philippdunkel/.m2/repository/org/junit/platform/junit-platform-commons/1.11.4/junit-platform-commons-1.11.4.jar:/Users/philippdunkel/.m2/repository/org/apiguardian/apiguardian-api/1.1.2/apiguardian-api-1.1.2.jar:/Users/philippdunkel/.m2/repository/org/junit/jupiter/junit-jupiter-params/5.11.4/junit-jupiter-params-5.11.4.jar:/Users/philippdunkel/.m2/repository/org/junit/jupiter/junit-jupiter-engine/5.11.4/junit-jupiter-engine-5.11.4.jar:/Users/philippdunkel/.m2/repository/org/junit/platform/junit-platform-engine/1.11.4/junit-platform-engine-1.11.4.jar:/Users/philippdunkel/.m2/repository/org/mockito/mockito-core/5.14.2/mockito-core-5.14.2.jar:/Users/philippdunkel/.m2/repository/net/bytebuddy/byte-buddy-agent/1.15.11/byte-buddy-agent-1.15.11.jar:/Users/philippdunkel/.m2/repository/org/objenesis/objenesis/3.3/objenesis-3.3.jar:/Users/philippdunkel/.m2/repository/org/mockito/mockito-junit-jupiter/5.14.2/mockito-junit-jupiter-5.14.2.jar:/Users/philippdunkel/.m2/repository/org/skyscreamer/jsonassert/1.5.3/jsonassert-1.5.3.jar:/Users/philippdunkel/.m2/repository/com/vaadin/external/google/android-json/0.0.20131108.vaadin1/android-json-0.0.20131108.vaadin1.jar:/Users/philippdunkel/.m2/repository/org/springframework/spring-core/6.2.5/spring-core-6.2.5.jar:/Users/philippdunkel/.m2/repository/org/springframework/spring-jcl/6.2.5/spring-jcl-6.2.5.jar:/Users/philippdunkel/.m2/repository/org/springframework/spring-test/6.2.5/spring-test-6.2.5.jar:/Users/philippdunkel/.m2/repository/org/xmlunit/xmlunit-core/2.10.0/xmlunit-core-2.10.0.jar:/Users/philippdunkel/.m2/repository/org/springframework/security/spring-security-test/6.4.4/spring-security-test-6.4.4.jar:/Users/philippdunkel/.m2/repository/org/springframework/security/spring-security-core/6.4.4/spring-security-core-6.4.4.jar:/Users/philippdunkel/.m2/repository/org/springframework/security/spring-security-crypto/6.4.4/spring-security-crypto-6.4.4.jar:/Users/philippdunkel/.m2/repository/io/jsonwebtoken/jjwt-api/0.11.5/jjwt-api-0.11.5.jar:/Users/philippdunkel/.m2/repository/io/jsonwebtoken/jjwt-impl/0.11.5/jjwt-impl-0.11.5.jar:/Users/philippdunkel/.m2/repository/io/jsonwebtoken/jjwt-jackson/0.11.5/jjwt-jackson-0.11.5.jar:/Users/philippdunkel/.m2/repository/com/fasterxml/jackson/core/jackson-databind/2.18.3/jackson-databind-2.18.3.jar:/Users/philippdunkel/.m2/repository/com/fasterxml/jackson/core/jackson-annotations/2.18.3/jackson-annotations-2.18.3.jar:/Users/philippdunkel/.m2/repository/com/fasterxml/jackson/core/jackson-core/2.18.3/jackson-core-2.18.3.jar:"/>
    <property name="java.vm.vendor" value="Eclipse Adoptium"/>
    <property name="sun.arch.data.model" value="64"/>
    <property name="catalina.useNaming" value="false"/>
    <property name="java.vendor.url" value="https://adoptium.net/"/>
    <property name="user.timezone" value="Europe/Zurich"/>
    <property name="org.jboss.logging.provider" value="slf4j"/>
    <property name="os.name" value="Mac OS X"/>
    <property name="java.vm.specification.version" value="21"/>
    <property name="APPLICATION_NAME" value="time-recording-backend-test"/>
    <property name="sun.java.launcher" value="SUN_STANDARD"/>
    <property name="user.country" value="CH"/>
    <property name="sun.boot.library.path" value="/Library/Java/JavaVirtualMachines/temurin-21.jdk/Contents/Home/lib"/>
    <property name="sun.java.command" value="/Users/philippdunkel/IdeaProjects/backend/target/surefire/surefirebooter-20250530204729668_3.jar /Users/philippdunkel/IdeaProjects/backend/target/surefire 2025-05-30T20-47-29_635-jvmRun1 surefire-20250530204729668_1tmp surefire_0-20250530204729668_2tmp"/>
    <property name="jdk.debug" value="release"/>
    <property name="surefire.test.class.path" value="/Users/philippdunkel/IdeaProjects/backend/target/test-classes:/Users/philippdunkel/IdeaProjects/backend/target/classes:/Users/philippdunkel/.m2/repository/org/springframework/boot/spring-boot-starter-data-jpa/3.4.4/spring-boot-starter-data-jpa-3.4.4.jar:/Users/philippdunkel/.m2/repository/org/springframework/boot/spring-boot-starter/3.4.4/spring-boot-starter-3.4.4.jar:/Users/philippdunkel/.m2/repository/org/springframework/boot/spring-boot-starter-logging/3.4.4/spring-boot-starter-logging-3.4.4.jar:/Users/philippdunkel/.m2/repository/ch/qos/logback/logback-classic/1.5.18/logback-classic-1.5.18.jar:/Users/philippdunkel/.m2/repository/ch/qos/logback/logback-core/1.5.18/logback-core-1.5.18.jar:/Users/philippdunkel/.m2/repository/org/apache/logging/log4j/log4j-to-slf4j/2.24.3/log4j-to-slf4j-2.24.3.jar:/Users/philippdunkel/.m2/repository/org/apache/logging/log4j/log4j-api/2.24.3/log4j-api-2.24.3.jar:/Users/philippdunkel/.m2/repository/org/slf4j/jul-to-slf4j/2.0.17/jul-to-slf4j-2.0.17.jar:/Users/philippdunkel/.m2/repository/jakarta/annotation/jakarta.annotation-api/2.1.1/jakarta.annotation-api-2.1.1.jar:/Users/philippdunkel/.m2/repository/org/yaml/snakeyaml/2.3/snakeyaml-2.3.jar:/Users/philippdunkel/.m2/repository/org/springframework/boot/spring-boot-starter-jdbc/3.4.4/spring-boot-starter-jdbc-3.4.4.jar:/Users/philippdunkel/.m2/repository/com/zaxxer/HikariCP/5.1.0/HikariCP-5.1.0.jar:/Users/philippdunkel/.m2/repository/org/springframework/spring-jdbc/6.2.5/spring-jdbc-6.2.5.jar:/Users/philippdunkel/.m2/repository/org/hibernate/orm/hibernate-core/6.6.11.Final/hibernate-core-6.6.11.Final.jar:/Users/philippdunkel/.m2/repository/jakarta/persistence/jakarta.persistence-api/3.1.0/jakarta.persistence-api-3.1.0.jar:/Users/philippdunkel/.m2/repository/jakarta/transaction/jakarta.transaction-api/2.0.1/jakarta.transaction-api-2.0.1.jar:/Users/philippdunkel/.m2/repository/org/jboss/logging/jboss-logging/3.6.1.Final/jboss-logging-3.6.1.Final.jar:/Users/philippdunkel/.m2/repository/org/hibernate/common/hibernate-commons-annotations/7.0.3.Final/hibernate-commons-annotations-7.0.3.Final.jar:/Users/philippdunkel/.m2/repository/io/smallrye/jandex/3.2.0/jandex-3.2.0.jar:/Users/philippdunkel/.m2/repository/com/fasterxml/classmate/1.7.0/classmate-1.7.0.jar:/Users/philippdunkel/.m2/repository/net/bytebuddy/byte-buddy/1.15.11/byte-buddy-1.15.11.jar:/Users/philippdunkel/.m2/repository/org/glassfish/jaxb/jaxb-runtime/4.0.5/jaxb-runtime-4.0.5.jar:/Users/philippdunkel/.m2/repository/org/glassfish/jaxb/jaxb-core/4.0.5/jaxb-core-4.0.5.jar:/Users/philippdunkel/.m2/repository/org/eclipse/angus/angus-activation/2.0.2/angus-activation-2.0.2.jar:/Users/philippdunkel/.m2/repository/org/glassfish/jaxb/txw2/4.0.5/txw2-4.0.5.jar:/Users/philippdunkel/.m2/repository/com/sun/istack/istack-commons-runtime/4.1.2/istack-commons-runtime-4.1.2.jar:/Users/philippdunkel/.m2/repository/jakarta/inject/jakarta.inject-api/2.0.1/jakarta.inject-api-2.0.1.jar:/Users/philippdunkel/.m2/repository/org/antlr/antlr4-runtime/4.13.0/antlr4-runtime-4.13.0.jar:/Users/philippdunkel/.m2/repository/org/springframework/data/spring-data-jpa/3.4.4/spring-data-jpa-3.4.4.jar:/Users/philippdunkel/.m2/repository/org/springframework/data/spring-data-commons/3.4.4/spring-data-commons-3.4.4.jar:/Users/philippdunkel/.m2/repository/org/springframework/spring-orm/6.2.5/spring-orm-6.2.5.jar:/Users/philippdunkel/.m2/repository/org/springframework/spring-context/6.2.5/spring-context-6.2.5.jar:/Users/philippdunkel/.m2/repository/org/springframework/spring-tx/6.2.5/spring-tx-6.2.5.jar:/Users/philippdunkel/.m2/repository/org/springframework/spring-beans/6.2.5/spring-beans-6.2.5.jar:/Users/philippdunkel/.m2/repository/org/slf4j/slf4j-api/2.0.17/slf4j-api-2.0.17.jar:/Users/philippdunkel/.m2/repository/org/springframework/spring-aspects/6.2.5/spring-aspects-6.2.5.jar:/Users/philippdunkel/.m2/repository/org/aspectj/aspectjweaver/1.9.23/aspectjweaver-1.9.23.jar:/Users/philippdunkel/.m2/repository/com/h2database/h2/2.3.232/h2-2.3.232.jar:/Users/philippdunkel/.m2/repository/org/postgresql/postgresql/42.7.5/postgresql-42.7.5.jar:/Users/philippdunkel/.m2/repository/org/checkerframework/checker-qual/3.48.3/checker-qual-3.48.3.jar:/Users/philippdunkel/.m2/repository/org/springframework/boot/spring-boot-starter-security/3.4.4/spring-boot-starter-security-3.4.4.jar:/Users/philippdunkel/.m2/repository/org/springframework/spring-aop/6.2.5/spring-aop-6.2.5.jar:/Users/philippdunkel/.m2/repository/org/springframework/security/spring-security-config/6.4.4/spring-security-config-6.4.4.jar:/Users/philippdunkel/.m2/repository/org/springframework/security/spring-security-web/6.4.4/spring-security-web-6.4.4.jar:/Users/philippdunkel/.m2/repository/org/springframework/spring-expression/6.2.5/spring-expression-6.2.5.jar:/Users/philippdunkel/.m2/repository/org/springframework/boot/spring-boot-starter-validation/3.4.4/spring-boot-starter-validation-3.4.4.jar:/Users/philippdunkel/.m2/repository/org/apache/tomcat/embed/tomcat-embed-el/10.1.39/tomcat-embed-el-10.1.39.jar:/Users/philippdunkel/.m2/repository/org/hibernate/validator/hibernate-validator/8.0.2.Final/hibernate-validator-8.0.2.Final.jar:/Users/philippdunkel/.m2/repository/jakarta/validation/jakarta.validation-api/3.0.2/jakarta.validation-api-3.0.2.jar:/Users/philippdunkel/.m2/repository/org/springframework/boot/spring-boot-starter-web/3.4.4/spring-boot-starter-web-3.4.4.jar:/Users/philippdunkel/.m2/repository/org/springframework/boot/spring-boot-starter-json/3.4.4/spring-boot-starter-json-3.4.4.jar:/Users/philippdunkel/.m2/repository/com/fasterxml/jackson/datatype/jackson-datatype-jdk8/2.18.3/jackson-datatype-jdk8-2.18.3.jar:/Users/philippdunkel/.m2/repository/com/fasterxml/jackson/datatype/jackson-datatype-jsr310/2.18.3/jackson-datatype-jsr310-2.18.3.jar:/Users/philippdunkel/.m2/repository/com/fasterxml/jackson/module/jackson-module-parameter-names/2.18.3/jackson-module-parameter-names-2.18.3.jar:/Users/philippdunkel/.m2/repository/org/springframework/boot/spring-boot-starter-tomcat/3.4.4/spring-boot-starter-tomcat-3.4.4.jar:/Users/philippdunkel/.m2/repository/org/apache/tomcat/embed/tomcat-embed-core/10.1.39/tomcat-embed-core-10.1.39.jar:/Users/philippdunkel/.m2/repository/org/apache/tomcat/embed/tomcat-embed-websocket/10.1.39/tomcat-embed-websocket-10.1.39.jar:/Users/philippdunkel/.m2/repository/org/springframework/spring-web/6.2.5/spring-web-6.2.5.jar:/Users/philippdunkel/.m2/repository/io/micrometer/micrometer-observation/1.14.5/micrometer-observation-1.14.5.jar:/Users/philippdunkel/.m2/repository/io/micrometer/micrometer-commons/1.14.5/micrometer-commons-1.14.5.jar:/Users/philippdunkel/.m2/repository/org/springframework/spring-webmvc/6.2.5/spring-webmvc-6.2.5.jar:/Users/philippdunkel/.m2/repository/org/springframework/boot/spring-boot-devtools/3.4.4/spring-boot-devtools-3.4.4.jar:/Users/philippdunkel/.m2/repository/org/springframework/boot/spring-boot/3.4.4/spring-boot-3.4.4.jar:/Users/philippdunkel/.m2/repository/org/springframework/boot/spring-boot-autoconfigure/3.4.4/spring-boot-autoconfigure-3.4.4.jar:/Users/philippdunkel/.m2/repository/org/projectlombok/lombok/1.18.36/lombok-1.18.36.jar:/Users/philippdunkel/.m2/repository/org/springframework/boot/spring-boot-starter-test/3.4.4/spring-boot-starter-test-3.4.4.jar:/Users/philippdunkel/.m2/repository/org/springframework/boot/spring-boot-test/3.4.4/spring-boot-test-3.4.4.jar:/Users/philippdunkel/.m2/repository/org/springframework/boot/spring-boot-test-autoconfigure/3.4.4/spring-boot-test-autoconfigure-3.4.4.jar:/Users/philippdunkel/.m2/repository/com/jayway/jsonpath/json-path/2.9.0/json-path-2.9.0.jar:/Users/philippdunkel/.m2/repository/jakarta/xml/bind/jakarta.xml.bind-api/4.0.2/jakarta.xml.bind-api-4.0.2.jar:/Users/philippdunkel/.m2/repository/jakarta/activation/jakarta.activation-api/2.1.3/jakarta.activation-api-2.1.3.jar:/Users/philippdunkel/.m2/repository/net/minidev/json-smart/2.5.2/json-smart-2.5.2.jar:/Users/philippdunkel/.m2/repository/net/minidev/accessors-smart/2.5.2/accessors-smart-2.5.2.jar:/Users/philippdunkel/.m2/repository/org/ow2/asm/asm/9.7.1/asm-9.7.1.jar:/Users/philippdunkel/.m2/repository/org/assertj/assertj-core/3.26.3/assertj-core-3.26.3.jar:/Users/philippdunkel/.m2/repository/org/awaitility/awaitility/4.2.2/awaitility-4.2.2.jar:/Users/philippdunkel/.m2/repository/org/hamcrest/hamcrest/2.2/hamcrest-2.2.jar:/Users/philippdunkel/.m2/repository/org/junit/jupiter/junit-jupiter/5.11.4/junit-jupiter-5.11.4.jar:/Users/philippdunkel/.m2/repository/org/junit/jupiter/junit-jupiter-api/5.11.4/junit-jupiter-api-5.11.4.jar:/Users/philippdunkel/.m2/repository/org/opentest4j/opentest4j/1.3.0/opentest4j-1.3.0.jar:/Users/philippdunkel/.m2/repository/org/junit/platform/junit-platform-commons/1.11.4/junit-platform-commons-1.11.4.jar:/Users/philippdunkel/.m2/repository/org/apiguardian/apiguardian-api/1.1.2/apiguardian-api-1.1.2.jar:/Users/philippdunkel/.m2/repository/org/junit/jupiter/junit-jupiter-params/5.11.4/junit-jupiter-params-5.11.4.jar:/Users/philippdunkel/.m2/repository/org/junit/jupiter/junit-jupiter-engine/5.11.4/junit-jupiter-engine-5.11.4.jar:/Users/philippdunkel/.m2/repository/org/junit/platform/junit-platform-engine/1.11.4/junit-platform-engine-1.11.4.jar:/Users/philippdunkel/.m2/repository/org/mockito/mockito-core/5.14.2/mockito-core-5.14.2.jar:/Users/philippdunkel/.m2/repository/net/bytebuddy/byte-buddy-agent/1.15.11/byte-buddy-agent-1.15.11.jar:/Users/philippdunkel/.m2/repository/org/objenesis/objenesis/3.3/objenesis-3.3.jar:/Users/philippdunkel/.m2/repository/org/mockito/mockito-junit-jupiter/5.14.2/mockito-junit-jupiter-5.14.2.jar:/Users/philippdunkel/.m2/repository/org/skyscreamer/jsonassert/1.5.3/jsonassert-1.5.3.jar:/Users/philippdunkel/.m2/repository/com/vaadin/external/google/android-json/0.0.20131108.vaadin1/android-json-0.0.20131108.vaadin1.jar:/Users/philippdunkel/.m2/repository/org/springframework/spring-core/6.2.5/spring-core-6.2.5.jar:/Users/philippdunkel/.m2/repository/org/springframework/spring-jcl/6.2.5/spring-jcl-6.2.5.jar:/Users/philippdunkel/.m2/repository/org/springframework/spring-test/6.2.5/spring-test-6.2.5.jar:/Users/philippdunkel/.m2/repository/org/xmlunit/xmlunit-core/2.10.0/xmlunit-core-2.10.0.jar:/Users/philippdunkel/.m2/repository/org/springframework/security/spring-security-test/6.4.4/spring-security-test-6.4.4.jar:/Users/philippdunkel/.m2/repository/org/springframework/security/spring-security-core/6.4.4/spring-security-core-6.4.4.jar:/Users/philippdunkel/.m2/repository/org/springframework/security/spring-security-crypto/6.4.4/spring-security-crypto-6.4.4.jar:/Users/philippdunkel/.m2/repository/io/jsonwebtoken/jjwt-api/0.11.5/jjwt-api-0.11.5.jar:/Users/philippdunkel/.m2/repository/io/jsonwebtoken/jjwt-impl/0.11.5/jjwt-impl-0.11.5.jar:/Users/philippdunkel/.m2/repository/io/jsonwebtoken/jjwt-jackson/0.11.5/jjwt-jackson-0.11.5.jar:/Users/philippdunkel/.m2/repository/com/fasterxml/jackson/core/jackson-databind/2.18.3/jackson-databind-2.18.3.jar:/Users/philippdunkel/.m2/repository/com/fasterxml/jackson/core/jackson-annotations/2.18.3/jackson-annotations-2.18.3.jar:/Users/philippdunkel/.m2/repository/com/fasterxml/jackson/core/jackson-core/2.18.3/jackson-core-2.18.3.jar:"/>
    <property name="sun.cpu.endian" value="little"/>
    <property name="user.home" value="/Users/philippdunkel"/>
    <property name="user.language" value="de"/>
    <property name="java.specification.vendor" value="Oracle Corporation"/>
    <property name="java.version.date" value="2024-07-16"/>
    <property name="java.home" value="/Library/Java/JavaVirtualMachines/temurin-21.jdk/Contents/Home"/>
    <property name="file.separator" value="/"/>
    <property name="basedir" value="/Users/philippdunkel/IdeaProjects/backend"/>
    <property name="java.vm.compressedOopsMode" value="Zero based"/>
    <property name="line.separator" value="&#10;"/>
    <property name="java.vm.specification.vendor" value="Oracle Corporation"/>
    <property name="java.specification.name" value="Java Platform API Specification"/>
    <property name="FILE_LOG_CHARSET" value="UTF-8"/>
    <property name="java.awt.headless" value="true"/>
    <property name="apple.awt.application.name" value="ForkedBooter"/>
    <property name="surefire.real.class.path" value="/Users/philippdunkel/IdeaProjects/backend/target/surefire/surefirebooter-20250530204729668_3.jar"/>
    <property name="sun.management.compiler" value="HotSpot 64-Bit Tiered Compilers"/>
    <property name="java.runtime.version" value="21.0.4+7-LTS"/>
    <property name="user.name" value="philippdunkel"/>
    <property name="stdout.encoding" value="UTF-8"/>
    <property name="path.separator" value=":"/>
    <property name="os.version" value="15.5"/>
    <property name="java.runtime.name" value="OpenJDK Runtime Environment"/>
    <property name="file.encoding" value="UTF-8"/>
    <property name="java.vm.name" value="OpenJDK 64-Bit Server VM"/>
    <property name="java.vendor.version" value="Temurin-21.0.4+7"/>
    <property name="localRepository" value="/Users/philippdunkel/.m2/repository"/>
    <property name="java.vendor.url.bug" value="https://github.com/adoptium/adoptium-support/issues"/>
    <property name="java.io.tmpdir" value="/var/folders/7k/wl3gw20s3wxdbtpclzf85kl40000gn/T/"/>
    <property name="idea.version" value="2025.1.1.1"/>
    <property name="catalina.home" value="/private/var/folders/7k/wl3gw20s3wxdbtpclzf85kl40000gn/T/tomcat.0.16992333277041191145"/>
    <property name="com.zaxxer.hikari.pool_number" value="3"/>
    <property name="java.version" value="21.0.4"/>
    <property name="user.dir" value="/Users/philippdunkel/IdeaProjects/backend"/>
    <property name="os.arch" value="aarch64"/>
    <property name="java.vm.specification.name" value="Java Virtual Machine Specification"/>
    <property name="PID" value="31699"/>
    <property name="CONSOLE_LOG_CHARSET" value="UTF-8"/>
    <property name="catalina.base" value="/private/var/folders/7k/wl3gw20s3wxdbtpclzf85kl40000gn/T/tomcat.0.16992333277041191145"/>
    <property name="native.encoding" value="UTF-8"/>
    <property name="java.library.path" value="/Users/philippdunkel/Library/Java/Extensions:/Library/Java/Extensions:/Network/Library/Java/Extensions:/System/Library/Java/Extensions:/usr/lib/java:."/>
    <property name="java.vm.info" value="mixed mode"/>
    <property name="stderr.encoding" value="UTF-8"/>
    <property name="java.vendor" value="Eclipse Adoptium"/>
    <property name="java.vm.version" value="21.0.4+7-LTS"/>
    <property name="sun.io.unicode.encoding" value="UnicodeBig"/>
    <property name="java.class.version" value="65.0"/>
    <property name="LOGGED_APPLICATION_NAME" value="[time-recording-backend-test] "/>
  </properties>
  <testcase name="stopTimeTracking_Success" classname="ch.fhnw.timerecordingbackend.service.TimeEntryServiceIntegrationTest" time="0.064">
    <system-out><![CDATA[2025-05-30T20:47:39.768+02:00  INFO 31699 --- [time-recording-backend-test] [           main] t.c.s.AnnotationConfigContextLoaderUtils : Could not detect default configuration classes for test class [ch.fhnw.timerecordingbackend.service.TimeEntryServiceIntegrationTest]: TimeEntryServiceIntegrationTest does not declare any static, non-private, non-final, nested classes annotated with @Configuration.
2025-05-30T20:47:39.769+02:00  INFO 31699 --- [time-recording-backend-test] [           main] .b.t.c.SpringBootTestContextBootstrapper : Found @SpringBootConfiguration ch.fhnw.timerecordingbackend.TimeRecordingBackendApplication for test class ch.fhnw.timerecordingbackend.service.TimeEntryServiceIntegrationTest
2025-05-30T20:47:39.770+02:00  INFO 31699 --- [time-recording-backend-test] [           main] o.s.b.d.r.RestartApplicationListener     : Restart disabled due to context in which it is running

  .   ____          _            __ _ _
 /\\ / ___'_ __ _ _(_)_ __  __ _ \ \ \ \
( ( )\___ | '_ | '_| | '_ \/ _` | \ \ \ \
 \\/  ___)| |_)| | | | | || (_| |  ) ) ) )
  '  |____| .__|_| |_|_| |_\__, | / / / /
 =========|_|==============|___/=/_/_/_/

 :: Spring Boot ::                (v3.4.4)

2025-05-30T20:47:39.775+02:00  INFO 31699 --- [time-recording-backend-test] [           main] c.f.t.s.TimeEntryServiceIntegrationTest  : Starting TimeEntryServiceIntegrationTest using Java 21.0.4 with PID 31699 (started by philippdunkel in /Users/philippdunkel/IdeaProjects/backend)
2025-05-30T20:47:39.775+02:00  INFO 31699 --- [time-recording-backend-test] [           main] c.f.t.s.TimeEntryServiceIntegrationTest  : No active profile set, falling back to 1 default profile: "default"
2025-05-30T20:47:39.809+02:00  INFO 31699 --- [time-recording-backend-test] [           main] .s.d.r.c.RepositoryConfigurationDelegate : Bootstrapping Spring Data JPA repositories in DEFAULT mode.
2025-05-30T20:47:39.815+02:00  INFO 31699 --- [time-recording-backend-test] [           main] .s.d.r.c.RepositoryConfigurationDelegate : Finished Spring Data repository scanning in 5 ms. Found 7 JPA repository interfaces.
2025-05-30T20:47:39.862+02:00  INFO 31699 --- [time-recording-backend-test] [           main] o.hibernate.jpa.internal.util.LogHelper  : HHH000204: Processing PersistenceUnitInfo [name: default]
2025-05-30T20:47:39.862+02:00  INFO 31699 --- [time-recording-backend-test] [           main] o.h.c.internal.RegionFactoryInitiator    : HHH000026: Second-level cache disabled
2025-05-30T20:47:39.865+02:00  INFO 31699 --- [time-recording-backend-test] [           main] o.s.o.j.p.SpringPersistenceUnitInfo      : No LoadTimeWeaver setup: ignoring JPA class transformer
2025-05-30T20:47:39.865+02:00  INFO 31699 --- [time-recording-backend-test] [           main] com.zaxxer.hikari.HikariDataSource       : HikariPool-3 - Starting...
2025-05-30T20:47:39.888+02:00  INFO 31699 --- [time-recording-backend-test] [           main] com.zaxxer.hikari.pool.HikariPool        : HikariPool-3 - Added connection org.postgresql.jdbc.PgConnection@654b2ed4
2025-05-30T20:47:39.888+02:00  INFO 31699 --- [time-recording-backend-test] [           main] com.zaxxer.hikari.HikariDataSource       : HikariPool-3 - Start completed.
2025-05-30T20:47:39.890+02:00  WARN 31699 --- [time-recording-backend-test] [           main] org.hibernate.orm.deprecation            : HHH90000025: PostgreSQLDialect does not need to be specified explicitly using 'hibernate.dialect' (remove the property setting and it will be selected by default)
2025-05-30T20:47:39.891+02:00  INFO 31699 --- [time-recording-backend-test] [           main] org.hibernate.orm.connections.pooling    : HHH10001005: Database info:
	Database JDBC URL [Connecting through datasource 'HikariDataSource (HikariPool-3)']
	Database driver: undefined/unknown
	Database version: 15.13
	Autocommit mode: undefined/unknown
	Isolation level: undefined/unknown
	Minimum pool size: undefined/unknown
	Maximum pool size: undefined/unknown
2025-05-30T20:47:39.931+02:00  INFO 31699 --- [time-recording-backend-test] [           main] o.h.e.t.j.p.i.JtaPlatformInitiator       : HHH000489: No JTA platform available (set 'hibernate.transaction.jta.platform' to enable JTA platform integration)
2025-05-30T20:47:40.172+02:00  INFO 31699 --- [time-recording-backend-test] [           main] j.LocalContainerEntityManagerFactoryBean : Initialized JPA EntityManagerFactory for persistence unit 'default'
2025-05-30T20:47:40.224+02:00  INFO 31699 --- [time-recording-backend-test] [           main] r$InitializeUserDetailsManagerConfigurer : Global AuthenticationManager configured with UserDetailsService bean with name userDetailsServiceImpl
2025-05-30T20:47:40.229+02:00  WARN 31699 --- [time-recording-backend-test] [           main] JpaBaseConfiguration$JpaWebConfiguration : spring.jpa.open-in-view is enabled by default. Therefore, database queries may be performed during view rendering. Explicitly configure spring.jpa.open-in-view to disable this warning
2025-05-30T20:47:40.232+02:00  INFO 31699 --- [time-recording-backend-test] [           main] o.s.b.a.w.s.WelcomePageHandlerMapping    : Adding welcome page: class path resource [static/index.html]
2025-05-30T20:47:40.255+02:00 DEBUG 31699 --- [time-recording-backend-test] [           main] o.s.s.web.DefaultSecurityFilterChain     : Will secure any request with filters: DisableEncodeUrlFilter, WebAsyncManagerIntegrationFilter, SecurityContextHolderFilter, HeaderWriterFilter, LogoutFilter, JwtAuthenticationFilter, RequestCacheAwareFilter, SecurityContextHolderAwareRequestFilter, AnonymousAuthenticationFilter, SessionManagementFilter, ExceptionTranslationFilter, AuthorizationFilter
2025-05-30T20:47:40.281+02:00  INFO 31699 --- [time-recording-backend-test] [           main] c.f.t.s.TimeEntryServiceIntegrationTest  : Started TimeEntryServiceIntegrationTest in 0.511 seconds (process running for 10.574)
Hibernate: 
    select
        count(*) 
    from
        users u1_0
Hibernate: 
    select
        u1_0.id,
        u1_0.active,
        u1_0.created_at,
        u1_0.email,
        u1_0.first_name,
        u1_0.last_name,
        u1_0.manager_id,
        u1_0.password,
        u1_0.planned_hours_per_day,
        u1_0.status,
        u1_0.updated_at 
    from
        users u1_0 
    where
        u1_0.email=?
Hibernate: 
    insert 
    into
        users
        (active, created_at, email, first_name, last_name, manager_id, password, planned_hours_per_day, status, updated_at) 
    values
        (?, ?, ?, ?, ?, ?, ?, ?, ?, ?)
Hibernate: 
    select
        p1_0.id,
        p1_0.active,
        p1_0.created_at,
        p1_0.description,
        p1_0.manager_id,
        p1_0.name,
        p1_0.updated_at 
    from
        projects p1_0 
    where
        p1_0.name=?
Hibernate: 
    insert 
    into
        projects
        (active, created_at, description, manager_id, name, updated_at) 
    values
        (?, ?, ?, ?, ?, ?)
Hibernate: 
    insert 
    into
        time_entries
        (actual_hours, created_at, date, difference, planned_hours, project_id, updated_at, user_id) 
    values
        (?, ?, ?, ?, ?, ?, ?, ?)
]]></system-out>
  </testcase>
  <testcase name="createTimeEntry_Success" classname="ch.fhnw.timerecordingbackend.service.TimeEntryServiceIntegrationTest" time="0.065">
    <system-out><![CDATA[Hibernate: 
    select
        u1_0.id,
        u1_0.active,
        u1_0.created_at,
        u1_0.email,
        u1_0.first_name,
        u1_0.last_name,
        u1_0.manager_id,
        u1_0.password,
        u1_0.planned_hours_per_day,
        u1_0.status,
        u1_0.updated_at 
    from
        users u1_0 
    where
        u1_0.email=?
Hibernate: 
    insert 
    into
        users
        (active, created_at, email, first_name, last_name, manager_id, password, planned_hours_per_day, status, updated_at) 
    values
        (?, ?, ?, ?, ?, ?, ?, ?, ?, ?)
Hibernate: 
    select
        p1_0.id,
        p1_0.active,
        p1_0.created_at,
        p1_0.description,
        p1_0.manager_id,
        p1_0.name,
        p1_0.updated_at 
    from
        projects p1_0 
    where
        p1_0.name=?
Hibernate: 
    insert 
    into
        projects
        (active, created_at, description, manager_id, name, updated_at) 
    values
        (?, ?, ?, ?, ?, ?)
Hibernate: 
    select
        te1_0.id,
        te1_0.actual_hours,
        te1_0.created_at,
        te1_0.date,
        te1_0.difference,
        te1_0.planned_hours,
        te1_0.project_id,
        te1_0.updated_at,
        te1_0.user_id 
    from
        time_entries te1_0 
    where
        te1_0.user_id=? 
        and te1_0.date=?
Hibernate: 
    insert 
    into
        time_entries
        (actual_hours, created_at, date, difference, planned_hours, project_id, updated_at, user_id) 
    values
        (?, ?, ?, ?, ?, ?, ?, ?)
]]></system-out>
  </testcase>
  <testcase name="updateTimeEntry_Success" classname="ch.fhnw.timerecordingbackend.service.TimeEntryServiceIntegrationTest" time="0.066">
    <system-out><![CDATA[Hibernate: 
    select
        u1_0.id,
        u1_0.active,
        u1_0.created_at,
        u1_0.email,
        u1_0.first_name,
        u1_0.last_name,
        u1_0.manager_id,
        u1_0.password,
        u1_0.planned_hours_per_day,
        u1_0.status,
        u1_0.updated_at 
    from
        users u1_0 
    where
        u1_0.email=?
Hibernate: 
    insert 
    into
        users
        (active, created_at, email, first_name, last_name, manager_id, password, planned_hours_per_day, status, updated_at) 
    values
        (?, ?, ?, ?, ?, ?, ?, ?, ?, ?)
Hibernate: 
    select
        p1_0.id,
        p1_0.active,
        p1_0.created_at,
        p1_0.description,
        p1_0.manager_id,
        p1_0.name,
        p1_0.updated_at 
    from
        projects p1_0 
    where
        p1_0.name=?
Hibernate: 
    insert 
    into
        projects
        (active, created_at, description, manager_id, name, updated_at) 
    values
        (?, ?, ?, ?, ?, ?)
Hibernate: 
    insert 
    into
        time_entries
        (actual_hours, created_at, date, difference, planned_hours, project_id, updated_at, user_id) 
    values
        (?, ?, ?, ?, ?, ?, ?, ?)
]]></system-out>
  </testcase>
  <testcase name="deleteTimeEntry_Success" classname="ch.fhnw.timerecordingbackend.service.TimeEntryServiceIntegrationTest" time="0.065">
    <system-out><![CDATA[Hibernate: 
    select
        u1_0.id,
        u1_0.active,
        u1_0.created_at,
        u1_0.email,
        u1_0.first_name,
        u1_0.last_name,
        u1_0.manager_id,
        u1_0.password,
        u1_0.planned_hours_per_day,
        u1_0.status,
        u1_0.updated_at 
    from
        users u1_0 
    where
        u1_0.email=?
Hibernate: 
    insert 
    into
        users
        (active, created_at, email, first_name, last_name, manager_id, password, planned_hours_per_day, status, updated_at) 
    values
        (?, ?, ?, ?, ?, ?, ?, ?, ?, ?)
Hibernate: 
    select
        p1_0.id,
        p1_0.active,
        p1_0.created_at,
        p1_0.description,
        p1_0.manager_id,
        p1_0.name,
        p1_0.updated_at 
    from
        projects p1_0 
    where
        p1_0.name=?
Hibernate: 
    insert 
    into
        projects
        (active, created_at, description, manager_id, name, updated_at) 
    values
        (?, ?, ?, ?, ?, ?)
Hibernate: 
    insert 
    into
        time_entries
        (actual_hours, created_at, date, difference, planned_hours, project_id, updated_at, user_id) 
    values
        (?, ?, ?, ?, ?, ?, ?, ?)
]]></system-out>
  </testcase>
  <testcase name="startTimeTracking_Success" classname="ch.fhnw.timerecordingbackend.service.TimeEntryServiceIntegrationTest" time="0.063">
    <system-out><![CDATA[Hibernate: 
    select
        u1_0.id,
        u1_0.active,
        u1_0.created_at,
        u1_0.email,
        u1_0.first_name,
        u1_0.last_name,
        u1_0.manager_id,
        u1_0.password,
        u1_0.planned_hours_per_day,
        u1_0.status,
        u1_0.updated_at 
    from
        users u1_0 
    where
        u1_0.email=?
Hibernate: 
    insert 
    into
        users
        (active, created_at, email, first_name, last_name, manager_id, password, planned_hours_per_day, status, updated_at) 
    values
        (?, ?, ?, ?, ?, ?, ?, ?, ?, ?)
Hibernate: 
    select
        p1_0.id,
        p1_0.active,
        p1_0.created_at,
        p1_0.description,
        p1_0.manager_id,
        p1_0.name,
        p1_0.updated_at 
    from
        projects p1_0 
    where
        p1_0.name=?
Hibernate: 
    insert 
    into
        projects
        (active, created_at, description, manager_id, name, updated_at) 
    values
        (?, ?, ?, ?, ?, ?)
Hibernate: 
    select
        te1_0.id,
        te1_0.actual_hours,
        te1_0.created_at,
        te1_0.date,
        te1_0.difference,
        te1_0.planned_hours,
        te1_0.project_id,
        te1_0.updated_at,
        te1_0.user_id 
    from
        time_entries te1_0 
    where
        te1_0.user_id=? 
        and te1_0.date=?
Hibernate: 
    insert 
    into
        time_entries
        (actual_hours, created_at, date, difference, planned_hours, project_id, updated_at, user_id) 
    values
        (?, ?, ?, ?, ?, ?, ?, ?)
]]></system-out>
  </testcase>
  <testcase name="createTimeEntry_DuplicateEntry_ThrowsException" classname="ch.fhnw.timerecordingbackend.service.TimeEntryServiceIntegrationTest" time="0.074">
    <system-out><![CDATA[Hibernate: 
    select
        u1_0.id,
        u1_0.active,
        u1_0.created_at,
        u1_0.email,
        u1_0.first_name,
        u1_0.last_name,
        u1_0.manager_id,
        u1_0.password,
        u1_0.planned_hours_per_day,
        u1_0.status,
        u1_0.updated_at 
    from
        users u1_0 
    where
        u1_0.email=?
Hibernate: 
    insert 
    into
        users
        (active, created_at, email, first_name, last_name, manager_id, password, planned_hours_per_day, status, updated_at) 
    values
        (?, ?, ?, ?, ?, ?, ?, ?, ?, ?)
Hibernate: 
    select
        p1_0.id,
        p1_0.active,
        p1_0.created_at,
        p1_0.description,
        p1_0.manager_id,
        p1_0.name,
        p1_0.updated_at 
    from
        projects p1_0 
    where
        p1_0.name=?
Hibernate: 
    insert 
    into
        projects
        (active, created_at, description, manager_id, name, updated_at) 
    values
        (?, ?, ?, ?, ?, ?)
Hibernate: 
    insert 
    into
        time_entries
        (actual_hours, created_at, date, difference, planned_hours, project_id, updated_at, user_id) 
    values
        (?, ?, ?, ?, ?, ?, ?, ?)
Hibernate: 
    insert 
    into
        time_entry_end_times
        (time_entry_id, end_time) 
    values
        (?, ?)
Hibernate: 
    insert 
    into
        time_entry_start_times
        (time_entry_id, start_time) 
    values
        (?, ?)
Hibernate: 
    select
        te1_0.id,
        te1_0.actual_hours,
        te1_0.created_at,
        te1_0.date,
        te1_0.difference,
        te1_0.planned_hours,
        te1_0.project_id,
        te1_0.updated_at,
        te1_0.user_id 
    from
        time_entries te1_0 
    where
        te1_0.user_id=? 
        and te1_0.date=?
]]></system-out>
  </testcase>
</testsuite>