<?xml version="1.0" encoding="UTF-8"?>
<testsuite xmlns:xsi="http://www.w3.org/2001/XMLSchema-instance" xsi:noNamespaceSchemaLocation="https://maven.apache.org/surefire/maven-surefire-plugin/xsd/surefire-test-report.xsd" version="3.0.2" name="ch.fhnw.timerecordingbackend.systemtest.TimeRecordingSystemTest" time="5.961" tests="31" errors="0" skipped="0" failures="2">
  <properties>
    <property name="java.specification.version" value="21"/>
    <property name="sun.jnu.encoding" value="UTF-8"/>
    <property name="java.class.path" value="/Users/philippdunkel/IdeaProjects/backend/target/test-classes:/Users/philippdunkel/IdeaProjects/backend/target/classes:/Users/philippdunkel/.m2/repository/org/springframework/boot/spring-boot-starter-data-jpa/3.4.4/spring-boot-starter-data-jpa-3.4.4.jar:/Users/philippdunkel/.m2/repository/org/springframework/boot/spring-boot-starter/3.4.4/spring-boot-starter-3.4.4.jar:/Users/philippdunkel/.m2/repository/org/springframework/boot/spring-boot-starter-logging/3.4.4/spring-boot-starter-logging-3.4.4.jar:/Users/philippdunkel/.m2/repository/ch/qos/logback/logback-classic/1.5.18/logback-classic-1.5.18.jar:/Users/philippdunkel/.m2/repository/ch/qos/logback/logback-core/1.5.18/logback-core-1.5.18.jar:/Users/philippdunkel/.m2/repository/org/apache/logging/log4j/log4j-to-slf4j/2.24.3/log4j-to-slf4j-2.24.3.jar:/Users/philippdunkel/.m2/repository/org/apache/logging/log4j/log4j-api/2.24.3/log4j-api-2.24.3.jar:/Users/philippdunkel/.m2/repository/org/slf4j/jul-to-slf4j/2.0.17/jul-to-slf4j-2.0.17.jar:/Users/philippdunkel/.m2/repository/jakarta/annotation/jakarta.annotation-api/2.1.1/jakarta.annotation-api-2.1.1.jar:/Users/philippdunkel/.m2/repository/org/yaml/snakeyaml/2.3/snakeyaml-2.3.jar:/Users/philippdunkel/.m2/repository/org/springframework/boot/spring-boot-starter-jdbc/3.4.4/spring-boot-starter-jdbc-3.4.4.jar:/Users/philippdunkel/.m2/repository/com/zaxxer/HikariCP/5.1.0/HikariCP-5.1.0.jar:/Users/philippdunkel/.m2/repository/org/springframework/spring-jdbc/6.2.5/spring-jdbc-6.2.5.jar:/Users/philippdunkel/.m2/repository/org/hibernate/orm/hibernate-core/6.6.11.Final/hibernate-core-6.6.11.Final.jar:/Users/philippdunkel/.m2/repository/jakarta/persistence/jakarta.persistence-api/3.1.0/jakarta.persistence-api-3.1.0.jar:/Users/philippdunkel/.m2/repository/jakarta/transaction/jakarta.transaction-api/2.0.1/jakarta.transaction-api-2.0.1.jar:/Users/philippdunkel/.m2/repository/org/jboss/logging/jboss-logging/3.6.1.Final/jboss-logging-3.6.1.Final.jar:/Users/philippdunkel/.m2/repository/org/hibernate/common/hibernate-commons-annotations/7.0.3.Final/hibernate-commons-annotations-7.0.3.Final.jar:/Users/philippdunkel/.m2/repository/io/smallrye/jandex/3.2.0/jandex-3.2.0.jar:/Users/philippdunkel/.m2/repository/com/fasterxml/classmate/1.7.0/classmate-1.7.0.jar:/Users/philippdunkel/.m2/repository/net/bytebuddy/byte-buddy/1.15.11/byte-buddy-1.15.11.jar:/Users/philippdunkel/.m2/repository/org/glassfish/jaxb/jaxb-runtime/4.0.5/jaxb-runtime-4.0.5.jar:/Users/philippdunkel/.m2/repository/org/glassfish/jaxb/jaxb-core/4.0.5/jaxb-core-4.0.5.jar:/Users/philippdunkel/.m2/repository/org/eclipse/angus/angus-activation/2.0.2/angus-activation-2.0.2.jar:/Users/philippdunkel/.m2/repository/org/glassfish/jaxb/txw2/4.0.5/txw2-4.0.5.jar:/Users/philippdunkel/.m2/repository/com/sun/istack/istack-commons-runtime/4.1.2/istack-commons-runtime-4.1.2.jar:/Users/philippdunkel/.m2/repository/jakarta/inject/jakarta.inject-api/2.0.1/jakarta.inject-api-2.0.1.jar:/Users/philippdunkel/.m2/repository/org/antlr/antlr4-runtime/4.13.0/antlr4-runtime-4.13.0.jar:/Users/philippdunkel/.m2/repository/org/springframework/data/spring-data-jpa/3.4.4/spring-data-jpa-3.4.4.jar:/Users/philippdunkel/.m2/repository/org/springframework/data/spring-data-commons/3.4.4/spring-data-commons-3.4.4.jar:/Users/philippdunkel/.m2/repository/org/springframework/spring-orm/6.2.5/spring-orm-6.2.5.jar:/Users/philippdunkel/.m2/repository/org/springframework/spring-context/6.2.5/spring-context-6.2.5.jar:/Users/philippdunkel/.m2/repository/org/springframework/spring-tx/6.2.5/spring-tx-6.2.5.jar:/Users/philippdunkel/.m2/repository/org/springframework/spring-beans/6.2.5/spring-beans-6.2.5.jar:/Users/philippdunkel/.m2/repository/org/slf4j/slf4j-api/2.0.17/slf4j-api-2.0.17.jar:/Users/philippdunkel/.m2/repository/org/springframework/spring-aspects/6.2.5/spring-aspects-6.2.5.jar:/Users/philippdunkel/.m2/repository/org/aspectj/aspectjweaver/1.9.23/aspectjweaver-1.9.23.jar:/Users/philippdunkel/.m2/repository/com/h2database/h2/2.3.232/h2-2.3.232.jar:/Users/philippdunkel/.m2/repository/org/postgresql/postgresql/42.7.5/postgresql-42.7.5.jar:/Users/philippdunkel/.m2/repository/org/checkerframework/checker-qual/3.48.3/checker-qual-3.48.3.jar:/Users/philippdunkel/.m2/repository/org/springframework/boot/spring-boot-starter-security/3.4.4/spring-boot-starter-security-3.4.4.jar:/Users/philippdunkel/.m2/repository/org/springframework/spring-aop/6.2.5/spring-aop-6.2.5.jar:/Users/philippdunkel/.m2/repository/org/springframework/security/spring-security-config/6.4.4/spring-security-config-6.4.4.jar:/Users/philippdunkel/.m2/repository/org/springframework/security/spring-security-web/6.4.4/spring-security-web-6.4.4.jar:/Users/philippdunkel/.m2/repository/org/springframework/spring-expression/6.2.5/spring-expression-6.2.5.jar:/Users/philippdunkel/.m2/repository/org/springframework/boot/spring-boot-starter-validation/3.4.4/spring-boot-starter-validation-3.4.4.jar:/Users/philippdunkel/.m2/repository/org/apache/tomcat/embed/tomcat-embed-el/10.1.39/tomcat-embed-el-10.1.39.jar:/Users/philippdunkel/.m2/repository/org/hibernate/validator/hibernate-validator/8.0.2.Final/hibernate-validator-8.0.2.Final.jar:/Users/philippdunkel/.m2/repository/jakarta/validation/jakarta.validation-api/3.0.2/jakarta.validation-api-3.0.2.jar:/Users/philippdunkel/.m2/repository/org/springframework/boot/spring-boot-starter-web/3.4.4/spring-boot-starter-web-3.4.4.jar:/Users/philippdunkel/.m2/repository/org/springframework/boot/spring-boot-starter-json/3.4.4/spring-boot-starter-json-3.4.4.jar:/Users/philippdunkel/.m2/repository/com/fasterxml/jackson/datatype/jackson-datatype-jdk8/2.18.3/jackson-datatype-jdk8-2.18.3.jar:/Users/philippdunkel/.m2/repository/com/fasterxml/jackson/datatype/jackson-datatype-jsr310/2.18.3/jackson-datatype-jsr310-2.18.3.jar:/Users/philippdunkel/.m2/repository/com/fasterxml/jackson/module/jackson-module-parameter-names/2.18.3/jackson-module-parameter-names-2.18.3.jar:/Users/philippdunkel/.m2/repository/org/springframework/boot/spring-boot-starter-tomcat/3.4.4/spring-boot-starter-tomcat-3.4.4.jar:/Users/philippdunkel/.m2/repository/org/apache/tomcat/embed/tomcat-embed-core/10.1.39/tomcat-embed-core-10.1.39.jar:/Users/philippdunkel/.m2/repository/org/apache/tomcat/embed/tomcat-embed-websocket/10.1.39/tomcat-embed-websocket-10.1.39.jar:/Users/philippdunkel/.m2/repository/org/springframework/spring-web/6.2.5/spring-web-6.2.5.jar:/Users/philippdunkel/.m2/repository/io/micrometer/micrometer-observation/1.14.5/micrometer-observation-1.14.5.jar:/Users/philippdunkel/.m2/repository/io/micrometer/micrometer-commons/1.14.5/micrometer-commons-1.14.5.jar:/Users/philippdunkel/.m2/repository/org/springframework/spring-webmvc/6.2.5/spring-webmvc-6.2.5.jar:/Users/philippdunkel/.m2/repository/org/springframework/boot/spring-boot-devtools/3.4.4/spring-boot-devtools-3.4.4.jar:/Users/philippdunkel/.m2/repository/org/springframework/boot/spring-boot/3.4.4/spring-boot-3.4.4.jar:/Users/philippdunkel/.m2/repository/org/springframework/boot/spring-boot-autoconfigure/3.4.4/spring-boot-autoconfigure-3.4.4.jar:/Users/philippdunkel/.m2/repository/org/projectlombok/lombok/1.18.36/lombok-1.18.36.jar:/Users/philippdunkel/.m2/repository/org/springframework/boot/spring-boot-starter-test/3.4.4/spring-boot-starter-test-3.4.4.jar:/Users/philippdunkel/.m2/repository/org/springframework/boot/spring-boot-test/3.4.4/spring-boot-test-3.4.4.jar:/Users/philippdunkel/.m2/repository/org/springframework/boot/spring-boot-test-autoconfigure/3.4.4/spring-boot-test-autoconfigure-3.4.4.jar:/Users/philippdunkel/.m2/repository/com/jayway/jsonpath/json-path/2.9.0/json-path-2.9.0.jar:/Users/philippdunkel/.m2/repository/jakarta/xml/bind/jakarta.xml.bind-api/4.0.2/jakarta.xml.bind-api-4.0.2.jar:/Users/philippdunkel/.m2/repository/jakarta/activation/jakarta.activation-api/2.1.3/jakarta.activation-api-2.1.3.jar:/Users/philippdunkel/.m2/repository/net/minidev/json-smart/2.5.2/json-smart-2.5.2.jar:/Users/philippdunkel/.m2/repository/net/minidev/accessors-smart/2.5.2/accessors-smart-2.5.2.jar:/Users/philippdunkel/.m2/repository/org/ow2/asm/asm/9.7.1/asm-9.7.1.jar:/Users/philippdunkel/.m2/repository/org/assertj/assertj-core/3.26.3/assertj-core-3.26.3.jar:/Users/philippdunkel/.m2/repository/org/awaitility/awaitility/4.2.2/awaitility-4.2.2.jar:/Users/philippdunkel/.m2/repository/org/hamcrest/hamcrest/2.2/hamcrest-2.2.jar:/Users/philippdunkel/.m2/repository/org/junit/jupiter/junit-jupiter/5.11.4/junit-jupiter-5.11.4.jar:/Users/philippdunkel/.m2/repository/org/junit/jupiter/junit-jupiter-api/5.11.4/junit-jupiter-api-5.11.4.jar:/Users/philippdunkel/.m2/repository/org/opentest4j/opentest4j/1.3.0/opentest4j-1.3.0.jar:/Users/philippdunkel/.m2/repository/org/junit/platform/junit-platform-commons/1.11.4/junit-platform-commons-1.11.4.jar:/Users/philippdunkel/.m2/repository/org/apiguardian/apiguardian-api/1.1.2/apiguardian-api-1.1.2.jar:/Users/philippdunkel/.m2/repository/org/junit/jupiter/junit-jupiter-params/5.11.4/junit-jupiter-params-5.11.4.jar:/Users/philippdunkel/.m2/repository/org/junit/jupiter/junit-jupiter-engine/5.11.4/junit-jupiter-engine-5.11.4.jar:/Users/philippdunkel/.m2/repository/org/junit/platform/junit-platform-engine/1.11.4/junit-platform-engine-1.11.4.jar:/Users/philippdunkel/.m2/repository/org/mockito/mockito-core/5.14.2/mockito-core-5.14.2.jar:/Users/philippdunkel/.m2/repository/net/bytebuddy/byte-buddy-agent/1.15.11/byte-buddy-agent-1.15.11.jar:/Users/philippdunkel/.m2/repository/org/objenesis/objenesis/3.3/objenesis-3.3.jar:/Users/philippdunkel/.m2/repository/org/mockito/mockito-junit-jupiter/5.14.2/mockito-junit-jupiter-5.14.2.jar:/Users/philippdunkel/.m2/repository/org/skyscreamer/jsonassert/1.5.3/jsonassert-1.5.3.jar:/Users/philippdunkel/.m2/repository/com/vaadin/external/google/android-json/0.0.20131108.vaadin1/android-json-0.0.20131108.vaadin1.jar:/Users/philippdunkel/.m2/repository/org/springframework/spring-core/6.2.5/spring-core-6.2.5.jar:/Users/philippdunkel/.m2/repository/org/springframework/spring-jcl/6.2.5/spring-jcl-6.2.5.jar:/Users/philippdunkel/.m2/repository/org/springframework/spring-test/6.2.5/spring-test-6.2.5.jar:/Users/philippdunkel/.m2/repository/org/xmlunit/xmlunit-core/2.10.0/xmlunit-core-2.10.0.jar:/Users/philippdunkel/.m2/repository/org/springframework/security/spring-security-test/6.4.4/spring-security-test-6.4.4.jar:/Users/philippdunkel/.m2/repository/org/springframework/security/spring-security-core/6.4.4/spring-security-core-6.4.4.jar:/Users/philippdunkel/.m2/repository/org/springframework/security/spring-security-crypto/6.4.4/spring-security-crypto-6.4.4.jar:/Users/philippdunkel/.m2/repository/io/jsonwebtoken/jjwt-api/0.11.5/jjwt-api-0.11.5.jar:/Users/philippdunkel/.m2/repository/io/jsonwebtoken/jjwt-impl/0.11.5/jjwt-impl-0.11.5.jar:/Users/philippdunkel/.m2/repository/io/jsonwebtoken/jjwt-jackson/0.11.5/jjwt-jackson-0.11.5.jar:/Users/philippdunkel/.m2/repository/com/fasterxml/jackson/core/jackson-databind/2.18.3/jackson-databind-2.18.3.jar:/Users/philippdunkel/.m2/repository/com/fasterxml/jackson/core/jackson-annotations/2.18.3/jackson-annotations-2.18.3.jar:/Users/philippdunkel/.m2/repository/com/fasterxml/jackson/core/jackson-core/2.18.3/jackson-core-2.18.3.jar:"/>
    <property name="java.vm.vendor" value="Eclipse Adoptium"/>
    <property name="sun.arch.data.model" value="64"/>
    <property name="catalina.useNaming" value="false"/>
    <property name="java.vendor.url" value="https://adoptium.net/"/>
    <property name="user.timezone" value="Europe/Zurich"/>
    <property name="org.jboss.logging.provider" value="slf4j"/>
    <property name="os.name" value="Mac OS X"/>
    <property name="java.vm.specification.version" value="21"/>
    <property name="APPLICATION_NAME" value="time-recording-backend-test"/>
    <property name="sun.java.launcher" value="SUN_STANDARD"/>
    <property name="user.country" value="CH"/>
    <property name="sun.boot.library.path" value="/Library/Java/JavaVirtualMachines/temurin-21.jdk/Contents/Home/lib"/>
    <property name="sun.java.command" value="/Users/philippdunkel/IdeaProjects/backend/target/surefire/surefirebooter-20250530204729668_3.jar /Users/philippdunkel/IdeaProjects/backend/target/surefire 2025-05-30T20-47-29_635-jvmRun1 surefire-20250530204729668_1tmp surefire_0-20250530204729668_2tmp"/>
    <property name="jdk.debug" value="release"/>
    <property name="surefire.test.class.path" value="/Users/philippdunkel/IdeaProjects/backend/target/test-classes:/Users/philippdunkel/IdeaProjects/backend/target/classes:/Users/philippdunkel/.m2/repository/org/springframework/boot/spring-boot-starter-data-jpa/3.4.4/spring-boot-starter-data-jpa-3.4.4.jar:/Users/philippdunkel/.m2/repository/org/springframework/boot/spring-boot-starter/3.4.4/spring-boot-starter-3.4.4.jar:/Users/philippdunkel/.m2/repository/org/springframework/boot/spring-boot-starter-logging/3.4.4/spring-boot-starter-logging-3.4.4.jar:/Users/philippdunkel/.m2/repository/ch/qos/logback/logback-classic/1.5.18/logback-classic-1.5.18.jar:/Users/philippdunkel/.m2/repository/ch/qos/logback/logback-core/1.5.18/logback-core-1.5.18.jar:/Users/philippdunkel/.m2/repository/org/apache/logging/log4j/log4j-to-slf4j/2.24.3/log4j-to-slf4j-2.24.3.jar:/Users/philippdunkel/.m2/repository/org/apache/logging/log4j/log4j-api/2.24.3/log4j-api-2.24.3.jar:/Users/philippdunkel/.m2/repository/org/slf4j/jul-to-slf4j/2.0.17/jul-to-slf4j-2.0.17.jar:/Users/philippdunkel/.m2/repository/jakarta/annotation/jakarta.annotation-api/2.1.1/jakarta.annotation-api-2.1.1.jar:/Users/philippdunkel/.m2/repository/org/yaml/snakeyaml/2.3/snakeyaml-2.3.jar:/Users/philippdunkel/.m2/repository/org/springframework/boot/spring-boot-starter-jdbc/3.4.4/spring-boot-starter-jdbc-3.4.4.jar:/Users/philippdunkel/.m2/repository/com/zaxxer/HikariCP/5.1.0/HikariCP-5.1.0.jar:/Users/philippdunkel/.m2/repository/org/springframework/spring-jdbc/6.2.5/spring-jdbc-6.2.5.jar:/Users/philippdunkel/.m2/repository/org/hibernate/orm/hibernate-core/6.6.11.Final/hibernate-core-6.6.11.Final.jar:/Users/philippdunkel/.m2/repository/jakarta/persistence/jakarta.persistence-api/3.1.0/jakarta.persistence-api-3.1.0.jar:/Users/philippdunkel/.m2/repository/jakarta/transaction/jakarta.transaction-api/2.0.1/jakarta.transaction-api-2.0.1.jar:/Users/philippdunkel/.m2/repository/org/jboss/logging/jboss-logging/3.6.1.Final/jboss-logging-3.6.1.Final.jar:/Users/philippdunkel/.m2/repository/org/hibernate/common/hibernate-commons-annotations/7.0.3.Final/hibernate-commons-annotations-7.0.3.Final.jar:/Users/philippdunkel/.m2/repository/io/smallrye/jandex/3.2.0/jandex-3.2.0.jar:/Users/philippdunkel/.m2/repository/com/fasterxml/classmate/1.7.0/classmate-1.7.0.jar:/Users/philippdunkel/.m2/repository/net/bytebuddy/byte-buddy/1.15.11/byte-buddy-1.15.11.jar:/Users/philippdunkel/.m2/repository/org/glassfish/jaxb/jaxb-runtime/4.0.5/jaxb-runtime-4.0.5.jar:/Users/philippdunkel/.m2/repository/org/glassfish/jaxb/jaxb-core/4.0.5/jaxb-core-4.0.5.jar:/Users/philippdunkel/.m2/repository/org/eclipse/angus/angus-activation/2.0.2/angus-activation-2.0.2.jar:/Users/philippdunkel/.m2/repository/org/glassfish/jaxb/txw2/4.0.5/txw2-4.0.5.jar:/Users/philippdunkel/.m2/repository/com/sun/istack/istack-commons-runtime/4.1.2/istack-commons-runtime-4.1.2.jar:/Users/philippdunkel/.m2/repository/jakarta/inject/jakarta.inject-api/2.0.1/jakarta.inject-api-2.0.1.jar:/Users/philippdunkel/.m2/repository/org/antlr/antlr4-runtime/4.13.0/antlr4-runtime-4.13.0.jar:/Users/philippdunkel/.m2/repository/org/springframework/data/spring-data-jpa/3.4.4/spring-data-jpa-3.4.4.jar:/Users/philippdunkel/.m2/repository/org/springframework/data/spring-data-commons/3.4.4/spring-data-commons-3.4.4.jar:/Users/philippdunkel/.m2/repository/org/springframework/spring-orm/6.2.5/spring-orm-6.2.5.jar:/Users/philippdunkel/.m2/repository/org/springframework/spring-context/6.2.5/spring-context-6.2.5.jar:/Users/philippdunkel/.m2/repository/org/springframework/spring-tx/6.2.5/spring-tx-6.2.5.jar:/Users/philippdunkel/.m2/repository/org/springframework/spring-beans/6.2.5/spring-beans-6.2.5.jar:/Users/philippdunkel/.m2/repository/org/slf4j/slf4j-api/2.0.17/slf4j-api-2.0.17.jar:/Users/philippdunkel/.m2/repository/org/springframework/spring-aspects/6.2.5/spring-aspects-6.2.5.jar:/Users/philippdunkel/.m2/repository/org/aspectj/aspectjweaver/1.9.23/aspectjweaver-1.9.23.jar:/Users/philippdunkel/.m2/repository/com/h2database/h2/2.3.232/h2-2.3.232.jar:/Users/philippdunkel/.m2/repository/org/postgresql/postgresql/42.7.5/postgresql-42.7.5.jar:/Users/philippdunkel/.m2/repository/org/checkerframework/checker-qual/3.48.3/checker-qual-3.48.3.jar:/Users/philippdunkel/.m2/repository/org/springframework/boot/spring-boot-starter-security/3.4.4/spring-boot-starter-security-3.4.4.jar:/Users/philippdunkel/.m2/repository/org/springframework/spring-aop/6.2.5/spring-aop-6.2.5.jar:/Users/philippdunkel/.m2/repository/org/springframework/security/spring-security-config/6.4.4/spring-security-config-6.4.4.jar:/Users/philippdunkel/.m2/repository/org/springframework/security/spring-security-web/6.4.4/spring-security-web-6.4.4.jar:/Users/philippdunkel/.m2/repository/org/springframework/spring-expression/6.2.5/spring-expression-6.2.5.jar:/Users/philippdunkel/.m2/repository/org/springframework/boot/spring-boot-starter-validation/3.4.4/spring-boot-starter-validation-3.4.4.jar:/Users/philippdunkel/.m2/repository/org/apache/tomcat/embed/tomcat-embed-el/10.1.39/tomcat-embed-el-10.1.39.jar:/Users/philippdunkel/.m2/repository/org/hibernate/validator/hibernate-validator/8.0.2.Final/hibernate-validator-8.0.2.Final.jar:/Users/philippdunkel/.m2/repository/jakarta/validation/jakarta.validation-api/3.0.2/jakarta.validation-api-3.0.2.jar:/Users/philippdunkel/.m2/repository/org/springframework/boot/spring-boot-starter-web/3.4.4/spring-boot-starter-web-3.4.4.jar:/Users/philippdunkel/.m2/repository/org/springframework/boot/spring-boot-starter-json/3.4.4/spring-boot-starter-json-3.4.4.jar:/Users/philippdunkel/.m2/repository/com/fasterxml/jackson/datatype/jackson-datatype-jdk8/2.18.3/jackson-datatype-jdk8-2.18.3.jar:/Users/philippdunkel/.m2/repository/com/fasterxml/jackson/datatype/jackson-datatype-jsr310/2.18.3/jackson-datatype-jsr310-2.18.3.jar:/Users/philippdunkel/.m2/repository/com/fasterxml/jackson/module/jackson-module-parameter-names/2.18.3/jackson-module-parameter-names-2.18.3.jar:/Users/philippdunkel/.m2/repository/org/springframework/boot/spring-boot-starter-tomcat/3.4.4/spring-boot-starter-tomcat-3.4.4.jar:/Users/philippdunkel/.m2/repository/org/apache/tomcat/embed/tomcat-embed-core/10.1.39/tomcat-embed-core-10.1.39.jar:/Users/philippdunkel/.m2/repository/org/apache/tomcat/embed/tomcat-embed-websocket/10.1.39/tomcat-embed-websocket-10.1.39.jar:/Users/philippdunkel/.m2/repository/org/springframework/spring-web/6.2.5/spring-web-6.2.5.jar:/Users/philippdunkel/.m2/repository/io/micrometer/micrometer-observation/1.14.5/micrometer-observation-1.14.5.jar:/Users/philippdunkel/.m2/repository/io/micrometer/micrometer-commons/1.14.5/micrometer-commons-1.14.5.jar:/Users/philippdunkel/.m2/repository/org/springframework/spring-webmvc/6.2.5/spring-webmvc-6.2.5.jar:/Users/philippdunkel/.m2/repository/org/springframework/boot/spring-boot-devtools/3.4.4/spring-boot-devtools-3.4.4.jar:/Users/philippdunkel/.m2/repository/org/springframework/boot/spring-boot/3.4.4/spring-boot-3.4.4.jar:/Users/philippdunkel/.m2/repository/org/springframework/boot/spring-boot-autoconfigure/3.4.4/spring-boot-autoconfigure-3.4.4.jar:/Users/philippdunkel/.m2/repository/org/projectlombok/lombok/1.18.36/lombok-1.18.36.jar:/Users/philippdunkel/.m2/repository/org/springframework/boot/spring-boot-starter-test/3.4.4/spring-boot-starter-test-3.4.4.jar:/Users/philippdunkel/.m2/repository/org/springframework/boot/spring-boot-test/3.4.4/spring-boot-test-3.4.4.jar:/Users/philippdunkel/.m2/repository/org/springframework/boot/spring-boot-test-autoconfigure/3.4.4/spring-boot-test-autoconfigure-3.4.4.jar:/Users/philippdunkel/.m2/repository/com/jayway/jsonpath/json-path/2.9.0/json-path-2.9.0.jar:/Users/philippdunkel/.m2/repository/jakarta/xml/bind/jakarta.xml.bind-api/4.0.2/jakarta.xml.bind-api-4.0.2.jar:/Users/philippdunkel/.m2/repository/jakarta/activation/jakarta.activation-api/2.1.3/jakarta.activation-api-2.1.3.jar:/Users/philippdunkel/.m2/repository/net/minidev/json-smart/2.5.2/json-smart-2.5.2.jar:/Users/philippdunkel/.m2/repository/net/minidev/accessors-smart/2.5.2/accessors-smart-2.5.2.jar:/Users/philippdunkel/.m2/repository/org/ow2/asm/asm/9.7.1/asm-9.7.1.jar:/Users/philippdunkel/.m2/repository/org/assertj/assertj-core/3.26.3/assertj-core-3.26.3.jar:/Users/philippdunkel/.m2/repository/org/awaitility/awaitility/4.2.2/awaitility-4.2.2.jar:/Users/philippdunkel/.m2/repository/org/hamcrest/hamcrest/2.2/hamcrest-2.2.jar:/Users/philippdunkel/.m2/repository/org/junit/jupiter/junit-jupiter/5.11.4/junit-jupiter-5.11.4.jar:/Users/philippdunkel/.m2/repository/org/junit/jupiter/junit-jupiter-api/5.11.4/junit-jupiter-api-5.11.4.jar:/Users/philippdunkel/.m2/repository/org/opentest4j/opentest4j/1.3.0/opentest4j-1.3.0.jar:/Users/philippdunkel/.m2/repository/org/junit/platform/junit-platform-commons/1.11.4/junit-platform-commons-1.11.4.jar:/Users/philippdunkel/.m2/repository/org/apiguardian/apiguardian-api/1.1.2/apiguardian-api-1.1.2.jar:/Users/philippdunkel/.m2/repository/org/junit/jupiter/junit-jupiter-params/5.11.4/junit-jupiter-params-5.11.4.jar:/Users/philippdunkel/.m2/repository/org/junit/jupiter/junit-jupiter-engine/5.11.4/junit-jupiter-engine-5.11.4.jar:/Users/philippdunkel/.m2/repository/org/junit/platform/junit-platform-engine/1.11.4/junit-platform-engine-1.11.4.jar:/Users/philippdunkel/.m2/repository/org/mockito/mockito-core/5.14.2/mockito-core-5.14.2.jar:/Users/philippdunkel/.m2/repository/net/bytebuddy/byte-buddy-agent/1.15.11/byte-buddy-agent-1.15.11.jar:/Users/philippdunkel/.m2/repository/org/objenesis/objenesis/3.3/objenesis-3.3.jar:/Users/philippdunkel/.m2/repository/org/mockito/mockito-junit-jupiter/5.14.2/mockito-junit-jupiter-5.14.2.jar:/Users/philippdunkel/.m2/repository/org/skyscreamer/jsonassert/1.5.3/jsonassert-1.5.3.jar:/Users/philippdunkel/.m2/repository/com/vaadin/external/google/android-json/0.0.20131108.vaadin1/android-json-0.0.20131108.vaadin1.jar:/Users/philippdunkel/.m2/repository/org/springframework/spring-core/6.2.5/spring-core-6.2.5.jar:/Users/philippdunkel/.m2/repository/org/springframework/spring-jcl/6.2.5/spring-jcl-6.2.5.jar:/Users/philippdunkel/.m2/repository/org/springframework/spring-test/6.2.5/spring-test-6.2.5.jar:/Users/philippdunkel/.m2/repository/org/xmlunit/xmlunit-core/2.10.0/xmlunit-core-2.10.0.jar:/Users/philippdunkel/.m2/repository/org/springframework/security/spring-security-test/6.4.4/spring-security-test-6.4.4.jar:/Users/philippdunkel/.m2/repository/org/springframework/security/spring-security-core/6.4.4/spring-security-core-6.4.4.jar:/Users/philippdunkel/.m2/repository/org/springframework/security/spring-security-crypto/6.4.4/spring-security-crypto-6.4.4.jar:/Users/philippdunkel/.m2/repository/io/jsonwebtoken/jjwt-api/0.11.5/jjwt-api-0.11.5.jar:/Users/philippdunkel/.m2/repository/io/jsonwebtoken/jjwt-impl/0.11.5/jjwt-impl-0.11.5.jar:/Users/philippdunkel/.m2/repository/io/jsonwebtoken/jjwt-jackson/0.11.5/jjwt-jackson-0.11.5.jar:/Users/philippdunkel/.m2/repository/com/fasterxml/jackson/core/jackson-databind/2.18.3/jackson-databind-2.18.3.jar:/Users/philippdunkel/.m2/repository/com/fasterxml/jackson/core/jackson-annotations/2.18.3/jackson-annotations-2.18.3.jar:/Users/philippdunkel/.m2/repository/com/fasterxml/jackson/core/jackson-core/2.18.3/jackson-core-2.18.3.jar:"/>
    <property name="sun.cpu.endian" value="little"/>
    <property name="user.home" value="/Users/philippdunkel"/>
    <property name="user.language" value="de"/>
    <property name="java.specification.vendor" value="Oracle Corporation"/>
    <property name="java.version.date" value="2024-07-16"/>
    <property name="java.home" value="/Library/Java/JavaVirtualMachines/temurin-21.jdk/Contents/Home"/>
    <property name="file.separator" value="/"/>
    <property name="basedir" value="/Users/philippdunkel/IdeaProjects/backend"/>
    <property name="java.vm.compressedOopsMode" value="Zero based"/>
    <property name="line.separator" value="&#10;"/>
    <property name="java.vm.specification.vendor" value="Oracle Corporation"/>
    <property name="java.specification.name" value="Java Platform API Specification"/>
    <property name="FILE_LOG_CHARSET" value="UTF-8"/>
    <property name="java.awt.headless" value="true"/>
    <property name="apple.awt.application.name" value="ForkedBooter"/>
    <property name="surefire.real.class.path" value="/Users/philippdunkel/IdeaProjects/backend/target/surefire/surefirebooter-20250530204729668_3.jar"/>
    <property name="sun.management.compiler" value="HotSpot 64-Bit Tiered Compilers"/>
    <property name="java.runtime.version" value="21.0.4+7-LTS"/>
    <property name="user.name" value="philippdunkel"/>
    <property name="stdout.encoding" value="UTF-8"/>
    <property name="path.separator" value=":"/>
    <property name="os.version" value="15.5"/>
    <property name="java.runtime.name" value="OpenJDK Runtime Environment"/>
    <property name="file.encoding" value="UTF-8"/>
    <property name="java.vm.name" value="OpenJDK 64-Bit Server VM"/>
    <property name="java.vendor.version" value="Temurin-21.0.4+7"/>
    <property name="localRepository" value="/Users/philippdunkel/.m2/repository"/>
    <property name="java.vendor.url.bug" value="https://github.com/adoptium/adoptium-support/issues"/>
    <property name="java.io.tmpdir" value="/var/folders/7k/wl3gw20s3wxdbtpclzf85kl40000gn/T/"/>
    <property name="idea.version" value="2025.1.1.1"/>
    <property name="catalina.home" value="/private/var/folders/7k/wl3gw20s3wxdbtpclzf85kl40000gn/T/tomcat.0.16992333277041191145"/>
    <property name="com.zaxxer.hikari.pool_number" value="1"/>
    <property name="java.version" value="21.0.4"/>
    <property name="user.dir" value="/Users/philippdunkel/IdeaProjects/backend"/>
    <property name="os.arch" value="aarch64"/>
    <property name="java.vm.specification.name" value="Java Virtual Machine Specification"/>
    <property name="PID" value="31699"/>
    <property name="CONSOLE_LOG_CHARSET" value="UTF-8"/>
    <property name="catalina.base" value="/private/var/folders/7k/wl3gw20s3wxdbtpclzf85kl40000gn/T/tomcat.0.16992333277041191145"/>
    <property name="native.encoding" value="UTF-8"/>
    <property name="java.library.path" value="/Users/philippdunkel/Library/Java/Extensions:/Library/Java/Extensions:/Network/Library/Java/Extensions:/System/Library/Java/Extensions:/usr/lib/java:."/>
    <property name="java.vm.info" value="mixed mode"/>
    <property name="stderr.encoding" value="UTF-8"/>
    <property name="java.vendor" value="Eclipse Adoptium"/>
    <property name="java.vm.version" value="21.0.4+7-LTS"/>
    <property name="sun.io.unicode.encoding" value="UnicodeBig"/>
    <property name="java.class.version" value="65.0"/>
    <property name="LOGGED_APPLICATION_NAME" value="[time-recording-backend-test] "/>
  </properties>
  <testcase name="testAdminLogin" classname="ch.fhnw.timerecordingbackend.systemtest.TimeRecordingSystemTest" time="0.522">
    <system-out><![CDATA[20:47:30.018 [main] INFO org.springframework.test.context.support.AnnotationConfigContextLoaderUtils -- Could not detect default configuration classes for test class [ch.fhnw.timerecordingbackend.systemtest.TimeRecordingSystemTest]: TimeRecordingSystemTest does not declare any static, non-private, non-final, nested classes annotated with @Configuration.
20:47:30.062 [main] INFO org.springframework.boot.test.context.SpringBootTestContextBootstrapper -- Found @SpringBootConfiguration ch.fhnw.timerecordingbackend.TimeRecordingBackendApplication for test class ch.fhnw.timerecordingbackend.systemtest.TimeRecordingSystemTest
20:47:30.122 [main] INFO org.springframework.boot.devtools.restart.RestartApplicationListener -- Restart disabled due to context in which it is running

  .   ____          _            __ _ _
 /\\ / ___'_ __ _ _(_)_ __  __ _ \ \ \ \
( ( )\___ | '_ | '_| | '_ \/ _` | \ \ \ \
 \\/  ___)| |_)| | | | | || (_| |  ) ) ) )
  '  |____| .__|_| |_|_| |_\__, | / / / /
 =========|_|==============|___/=/_/_/_/

 :: Spring Boot ::                (v3.4.4)

2025-05-30T20:47:30.216+02:00  INFO 31699 --- [time-recording-backend-test] [           main] c.f.t.s.TimeRecordingSystemTest          : Starting TimeRecordingSystemTest using Java 21.0.4 with PID 31699 (started by philippdunkel in /Users/philippdunkel/IdeaProjects/backend)
2025-05-30T20:47:30.217+02:00  INFO 31699 --- [time-recording-backend-test] [           main] c.f.t.s.TimeRecordingSystemTest          : The following 1 profile is active: "test"
2025-05-30T20:47:30.454+02:00  INFO 31699 --- [time-recording-backend-test] [           main] .s.d.r.c.RepositoryConfigurationDelegate : Bootstrapping Spring Data JPA repositories in DEFAULT mode.
2025-05-30T20:47:30.483+02:00  INFO 31699 --- [time-recording-backend-test] [           main] .s.d.r.c.RepositoryConfigurationDelegate : Finished Spring Data repository scanning in 25 ms. Found 7 JPA repository interfaces.
2025-05-30T20:47:30.694+02:00  INFO 31699 --- [time-recording-backend-test] [           main] o.s.b.w.embedded.tomcat.TomcatWebServer  : Tomcat initialized with port 0 (http)
2025-05-30T20:47:30.700+02:00  INFO 31699 --- [time-recording-backend-test] [           main] o.apache.catalina.core.StandardService   : Starting service [Tomcat]
2025-05-30T20:47:30.700+02:00  INFO 31699 --- [time-recording-backend-test] [           main] o.apache.catalina.core.StandardEngine    : Starting Servlet engine: [Apache Tomcat/10.1.39]
2025-05-30T20:47:30.715+02:00  INFO 31699 --- [time-recording-backend-test] [           main] o.a.c.c.C.[Tomcat].[localhost].[/]       : Initializing Spring embedded WebApplicationContext
2025-05-30T20:47:30.715+02:00  INFO 31699 --- [time-recording-backend-test] [           main] w.s.c.ServletWebServerApplicationContext : Root WebApplicationContext: initialization completed in 493 ms
2025-05-30T20:47:30.768+02:00  INFO 31699 --- [time-recording-backend-test] [           main] o.hibernate.jpa.internal.util.LogHelper  : HHH000204: Processing PersistenceUnitInfo [name: default]
2025-05-30T20:47:30.785+02:00  INFO 31699 --- [time-recording-backend-test] [           main] org.hibernate.Version                    : HHH000412: Hibernate ORM core version 6.6.11.Final
2025-05-30T20:47:30.795+02:00  INFO 31699 --- [time-recording-backend-test] [           main] o.h.c.internal.RegionFactoryInitiator    : HHH000026: Second-level cache disabled
2025-05-30T20:47:30.881+02:00  INFO 31699 --- [time-recording-backend-test] [           main] o.s.o.j.p.SpringPersistenceUnitInfo      : No LoadTimeWeaver setup: ignoring JPA class transformer
2025-05-30T20:47:30.890+02:00  INFO 31699 --- [time-recording-backend-test] [           main] com.zaxxer.hikari.HikariDataSource       : HikariPool-1 - Starting...
2025-05-30T20:47:30.959+02:00  INFO 31699 --- [time-recording-backend-test] [           main] com.zaxxer.hikari.pool.HikariPool        : HikariPool-1 - Added connection conn0: url=jdbc:h2:mem:testdb user=SA
2025-05-30T20:47:30.959+02:00  INFO 31699 --- [time-recording-backend-test] [           main] com.zaxxer.hikari.HikariDataSource       : HikariPool-1 - Start completed.
2025-05-30T20:47:30.970+02:00  WARN 31699 --- [time-recording-backend-test] [           main] org.hibernate.orm.deprecation            : HHH90000025: H2Dialect does not need to be specified explicitly using 'hibernate.dialect' (remove the property setting and it will be selected by default)
2025-05-30T20:47:30.978+02:00  INFO 31699 --- [time-recording-backend-test] [           main] org.hibernate.orm.connections.pooling    : HHH10001005: Database info:
	Database JDBC URL [Connecting through datasource 'HikariDataSource (HikariPool-1)']
	Database driver: undefined/unknown
	Database version: 2.3.232
	Autocommit mode: undefined/unknown
	Isolation level: undefined/unknown
	Minimum pool size: undefined/unknown
	Maximum pool size: undefined/unknown
2025-05-30T20:47:31.351+02:00  INFO 31699 --- [time-recording-backend-test] [           main] o.h.e.t.j.p.i.JtaPlatformInitiator       : HHH000489: No JTA platform available (set 'hibernate.transaction.jta.platform' to enable JTA platform integration)
2025-05-30T20:47:31.377+02:00  INFO 31699 --- [time-recording-backend-test] [           main] j.LocalContainerEntityManagerFactoryBean : Initialized JPA EntityManagerFactory for persistence unit 'default'
2025-05-30T20:47:31.473+02:00  INFO 31699 --- [time-recording-backend-test] [           main] o.s.d.j.r.query.QueryEnhancerFactory     : Hibernate is in classpath; If applicable, HQL parser will be used.
2025-05-30T20:47:32.094+02:00  INFO 31699 --- [time-recording-backend-test] [           main] r$InitializeUserDetailsManagerConfigurer : Global AuthenticationManager configured with UserDetailsService bean with name userDetailsServiceImpl
2025-05-30T20:47:32.119+02:00  WARN 31699 --- [time-recording-backend-test] [           main] JpaBaseConfiguration$JpaWebConfiguration : spring.jpa.open-in-view is enabled by default. Therefore, database queries may be performed during view rendering. Explicitly configure spring.jpa.open-in-view to disable this warning
2025-05-30T20:47:32.152+02:00  INFO 31699 --- [time-recording-backend-test] [           main] o.s.b.a.w.s.WelcomePageHandlerMapping    : Adding welcome page: class path resource [static/index.html]
2025-05-30T20:47:32.250+02:00 DEBUG 31699 --- [time-recording-backend-test] [           main] o.s.s.web.DefaultSecurityFilterChain     : Will secure any request with filters: DisableEncodeUrlFilter, WebAsyncManagerIntegrationFilter, SecurityContextHolderFilter, HeaderWriterFilter, LogoutFilter, JwtAuthenticationFilter, RequestCacheAwareFilter, SecurityContextHolderAwareRequestFilter, AnonymousAuthenticationFilter, SessionManagementFilter, ExceptionTranslationFilter, AuthorizationFilter
2025-05-30T20:47:32.407+02:00  INFO 31699 --- [time-recording-backend-test] [           main] o.s.b.w.embedded.tomcat.TomcatWebServer  : Tomcat started on port 60736 (http) with context path '/'
2025-05-30T20:47:32.412+02:00  INFO 31699 --- [time-recording-backend-test] [           main] c.f.t.s.TimeRecordingSystemTest          : Started TimeRecordingSystemTest in 2.294 seconds (process running for 2.705)
Initialisiere Testdaten für Systemtests...
  ✓ Admin-Rolle erstellt
  ✓ Manager-Rolle erstellt
  ✓ Employee-Rolle erstellt
  ✓ Admin-Benutzer erstellt: admin@timerecording.ch
  ✓ Manager-Benutzer erstellt: manager@timerecording.ch
  ✓ Employee-Benutzer erstellt: anna.schmidt@timerecording.ch
Testdaten erfolgreich erstellt!
2025-05-30T20:47:33.015+02:00  INFO 31699 --- [time-recording-backend-test] [o-auto-1-exec-1] o.a.c.c.C.[Tomcat].[localhost].[/]       : Initializing Spring DispatcherServlet 'dispatcherServlet'
2025-05-30T20:47:33.015+02:00  INFO 31699 --- [time-recording-backend-test] [o-auto-1-exec-1] o.s.web.servlet.DispatcherServlet        : Initializing Servlet 'dispatcherServlet'
2025-05-30T20:47:33.016+02:00  INFO 31699 --- [time-recording-backend-test] [o-auto-1-exec-1] o.s.web.servlet.DispatcherServlet        : Completed initialization in 1 ms
2025-05-30T20:47:33.020+02:00 DEBUG 31699 --- [time-recording-backend-test] [o-auto-1-exec-1] o.s.security.web.FilterChainProxy        : Securing POST /api/auth/login
2025-05-30T20:47:33.023+02:00 DEBUG 31699 --- [time-recording-backend-test] [o-auto-1-exec-1] o.s.s.w.a.AnonymousAuthenticationFilter  : Set SecurityContextHolder to anonymous SecurityContext
2025-05-30T20:47:33.023+02:00 DEBUG 31699 --- [time-recording-backend-test] [o-auto-1-exec-1] o.s.security.web.FilterChainProxy        : Secured POST /api/auth/login
2025-05-30T20:47:33.051+02:00  INFO 31699 --- [time-recording-backend-test] [o-auto-1-exec-1] c.f.t.service.AuthServiceImpl            : Login-Versuch für: admin@timerecording.ch
2025-05-30T20:47:33.053+02:00  INFO 31699 --- [time-recording-backend-test] [o-auto-1-exec-1] c.f.t.service.AuthServiceImpl            : 🔍 Benutzer gefunden: admin@timerecording.ch mit 1 Rollen
2025-05-30T20:47:33.163+02:00 DEBUG 31699 --- [time-recording-backend-test] [o-auto-1-exec-1] o.s.s.a.dao.DaoAuthenticationProvider    : Authenticated user
2025-05-30T20:47:33.176+02:00  INFO 31699 --- [time-recording-backend-test] [o-auto-1-exec-1] c.f.t.service.AuthServiceImpl            : 🔍 Alle Rollen für admin@timerecording.ch: [ADMIN]
2025-05-30T20:47:33.176+02:00  INFO 31699 --- [time-recording-backend-test] [o-auto-1-exec-1] c.f.t.service.AuthServiceImpl            : ✅ Login erfolgreich für: admin@timerecording.ch mit Rollen: [ADMIN]
Admin Login erfolgreich
]]></system-out>
    <system-err><![CDATA[Mockito is currently self-attaching to enable the inline-mock-maker. This will no longer work in future releases of the JDK. Please add Mockito as an agent to your build what is described in Mockito's documentation: https://javadoc.io/doc/org.mockito/mockito-core/latest/org/mockito/Mockito.html#0.3
WARNING: A Java agent has been loaded dynamically (/Users/philippdunkel/.m2/repository/net/bytebuddy/byte-buddy-agent/1.15.11/byte-buddy-agent-1.15.11.jar)
WARNING: If a serviceability tool is in use, please run with -XX:+EnableDynamicAgentLoading to hide this warning
WARNING: If a serviceability tool is not in use, please run with -Djdk.instrument.traceUsage for more information
WARNING: Dynamic loading of agents will be disallowed by default in a future release
]]></system-err>
  </testcase>
  <testcase name="testManagerLogin" classname="ch.fhnw.timerecordingbackend.systemtest.TimeRecordingSystemTest" time="0.064">
    <system-out><![CDATA[2025-05-30T20:47:33.202+02:00 DEBUG 31699 --- [time-recording-backend-test] [o-auto-1-exec-2] o.s.security.web.FilterChainProxy        : Securing POST /api/auth/login
2025-05-30T20:47:33.202+02:00 DEBUG 31699 --- [time-recording-backend-test] [o-auto-1-exec-2] o.s.s.w.a.AnonymousAuthenticationFilter  : Set SecurityContextHolder to anonymous SecurityContext
2025-05-30T20:47:33.202+02:00 DEBUG 31699 --- [time-recording-backend-test] [o-auto-1-exec-2] o.s.security.web.FilterChainProxy        : Secured POST /api/auth/login
2025-05-30T20:47:33.203+02:00  INFO 31699 --- [time-recording-backend-test] [o-auto-1-exec-2] c.f.t.service.AuthServiceImpl            : Login-Versuch für: manager@timerecording.ch
2025-05-30T20:47:33.204+02:00  INFO 31699 --- [time-recording-backend-test] [o-auto-1-exec-2] c.f.t.service.AuthServiceImpl            : 🔍 Benutzer gefunden: manager@timerecording.ch mit 1 Rollen
2025-05-30T20:47:33.259+02:00 DEBUG 31699 --- [time-recording-backend-test] [o-auto-1-exec-2] o.s.s.a.dao.DaoAuthenticationProvider    : Authenticated user
2025-05-30T20:47:33.260+02:00  INFO 31699 --- [time-recording-backend-test] [o-auto-1-exec-2] c.f.t.service.AuthServiceImpl            : 🔍 Alle Rollen für manager@timerecording.ch: [MANAGER]
2025-05-30T20:47:33.260+02:00  INFO 31699 --- [time-recording-backend-test] [o-auto-1-exec-2] c.f.t.service.AuthServiceImpl            : ✅ Login erfolgreich für: manager@timerecording.ch mit Rollen: [MANAGER]
Manager Login erfolgreich
]]></system-out>
  </testcase>
  <testcase name="testEmployeeLogin" classname="ch.fhnw.timerecordingbackend.systemtest.TimeRecordingSystemTest" time="0.062">
    <system-out><![CDATA[2025-05-30T20:47:33.266+02:00 DEBUG 31699 --- [time-recording-backend-test] [o-auto-1-exec-3] o.s.security.web.FilterChainProxy        : Securing POST /api/auth/login
2025-05-30T20:47:33.266+02:00 DEBUG 31699 --- [time-recording-backend-test] [o-auto-1-exec-3] o.s.s.w.a.AnonymousAuthenticationFilter  : Set SecurityContextHolder to anonymous SecurityContext
2025-05-30T20:47:33.266+02:00 DEBUG 31699 --- [time-recording-backend-test] [o-auto-1-exec-3] o.s.security.web.FilterChainProxy        : Secured POST /api/auth/login
2025-05-30T20:47:33.266+02:00  INFO 31699 --- [time-recording-backend-test] [o-auto-1-exec-3] c.f.t.service.AuthServiceImpl            : Login-Versuch für: anna.schmidt@timerecording.ch
2025-05-30T20:47:33.269+02:00  INFO 31699 --- [time-recording-backend-test] [o-auto-1-exec-3] c.f.t.service.AuthServiceImpl            : 🔍 Benutzer gefunden: anna.schmidt@timerecording.ch mit 1 Rollen
2025-05-30T20:47:33.322+02:00 DEBUG 31699 --- [time-recording-backend-test] [o-auto-1-exec-3] o.s.s.a.dao.DaoAuthenticationProvider    : Authenticated user
2025-05-30T20:47:33.323+02:00  INFO 31699 --- [time-recording-backend-test] [o-auto-1-exec-3] c.f.t.service.AuthServiceImpl            : 🔍 Alle Rollen für anna.schmidt@timerecording.ch: [EMPLOYEE]
2025-05-30T20:47:33.323+02:00  INFO 31699 --- [time-recording-backend-test] [o-auto-1-exec-3] c.f.t.service.AuthServiceImpl            : ✅ Login erfolgreich für: anna.schmidt@timerecording.ch mit Rollen: [EMPLOYEE]
Employee Login erfolgreich
]]></system-out>
  </testcase>
  <testcase name="testInvalidLogin" classname="ch.fhnw.timerecordingbackend.systemtest.TimeRecordingSystemTest" time="0.007">
    <system-out><![CDATA[2025-05-30T20:47:33.328+02:00 DEBUG 31699 --- [time-recording-backend-test] [o-auto-1-exec-4] o.s.security.web.FilterChainProxy        : Securing POST /api/auth/login
2025-05-30T20:47:33.329+02:00 DEBUG 31699 --- [time-recording-backend-test] [o-auto-1-exec-4] o.s.s.w.a.AnonymousAuthenticationFilter  : Set SecurityContextHolder to anonymous SecurityContext
2025-05-30T20:47:33.329+02:00 DEBUG 31699 --- [time-recording-backend-test] [o-auto-1-exec-4] o.s.security.web.FilterChainProxy        : Secured POST /api/auth/login
2025-05-30T20:47:33.330+02:00  INFO 31699 --- [time-recording-backend-test] [o-auto-1-exec-4] c.f.t.service.AuthServiceImpl            : Login-Versuch für: invalid@test.com
Invalid Login korrekt abgelehnt
]]></system-out>
  </testcase>
  <testcase name="testCreateUser" classname="ch.fhnw.timerecordingbackend.systemtest.TimeRecordingSystemTest" time="0.096">
    <system-out><![CDATA[2025-05-30T20:47:33.338+02:00 DEBUG 31699 --- [time-recording-backend-test] [o-auto-1-exec-5] o.s.security.web.FilterChainProxy        : Securing POST /api/admin/users
2025-05-30T20:47:33.346+02:00 DEBUG 31699 --- [time-recording-backend-test] [o-auto-1-exec-5] o.s.security.web.FilterChainProxy        : Secured POST /api/admin/users
2025-05-30T20:47:33.352+02:00 DEBUG 31699 --- [time-recording-backend-test] [o-auto-1-exec-5] horizationManagerBeforeMethodInterceptor : Authorizing method invocation ReflectiveMethodInvocation: public org.springframework.http.ResponseEntity ch.fhnw.timerecordingbackend.controller.AdminController.createUser(ch.fhnw.timerecordingbackend.dto.admin.UserRegistrationRequest); target is of class [ch.fhnw.timerecordingbackend.controller.AdminController]
2025-05-30T20:47:33.365+02:00 DEBUG 31699 --- [time-recording-backend-test] [o-auto-1-exec-5] horizationManagerBeforeMethodInterceptor : Authorized method invocation ReflectiveMethodInvocation: public org.springframework.http.ResponseEntity ch.fhnw.timerecordingbackend.controller.AdminController.createUser(ch.fhnw.timerecordingbackend.dto.admin.UserRegistrationRequest); target is of class [ch.fhnw.timerecordingbackend.controller.AdminController]
2025-05-30T20:47:33.423+02:00  INFO 31699 --- [time-recording-backend-test] [o-auto-1-exec-5] c.f.t.service.UserServiceImpl            : Benutzer test.user@timerecording.ch wird ohne direkten Manager erstellt.
Neuer User erstellt mit ID: 4
]]></system-out>
  </testcase>
  <testcase name="testGetAllUsers" classname="ch.fhnw.timerecordingbackend.systemtest.TimeRecordingSystemTest" time="0.013">
    <system-out><![CDATA[2025-05-30T20:47:33.433+02:00 DEBUG 31699 --- [time-recording-backend-test] [o-auto-1-exec-6] o.s.security.web.FilterChainProxy        : Securing GET /api/admin/users
2025-05-30T20:47:33.436+02:00 DEBUG 31699 --- [time-recording-backend-test] [o-auto-1-exec-6] o.s.security.web.FilterChainProxy        : Secured GET /api/admin/users
2025-05-30T20:47:33.436+02:00 DEBUG 31699 --- [time-recording-backend-test] [o-auto-1-exec-6] horizationManagerBeforeMethodInterceptor : Authorizing method invocation ReflectiveMethodInvocation: public org.springframework.http.ResponseEntity ch.fhnw.timerecordingbackend.controller.AdminController.getAllUsers(); target is of class [ch.fhnw.timerecordingbackend.controller.AdminController]
2025-05-30T20:47:33.437+02:00 DEBUG 31699 --- [time-recording-backend-test] [o-auto-1-exec-6] horizationManagerBeforeMethodInterceptor : Authorized method invocation ReflectiveMethodInvocation: public org.springframework.http.ResponseEntity ch.fhnw.timerecordingbackend.controller.AdminController.getAllUsers(); target is of class [ch.fhnw.timerecordingbackend.controller.AdminController]
User-Liste abgerufen: 4 Users
]]></system-out>
  </testcase>
  <testcase name="testUpdateUserStatus" classname="ch.fhnw.timerecordingbackend.systemtest.TimeRecordingSystemTest" time="0.015">
    <system-out><![CDATA[2025-05-30T20:47:33.445+02:00 DEBUG 31699 --- [time-recording-backend-test] [o-auto-1-exec-7] o.s.security.web.FilterChainProxy        : Securing PATCH /api/admin/users/4/status?status=INACTIVE
2025-05-30T20:47:33.447+02:00 DEBUG 31699 --- [time-recording-backend-test] [o-auto-1-exec-7] o.s.security.web.FilterChainProxy        : Secured PATCH /api/admin/users/4/status?status=INACTIVE
2025-05-30T20:47:33.449+02:00 DEBUG 31699 --- [time-recording-backend-test] [o-auto-1-exec-7] horizationManagerBeforeMethodInterceptor : Authorizing method invocation ReflectiveMethodInvocation: public org.springframework.http.ResponseEntity ch.fhnw.timerecordingbackend.controller.AdminController.changeUserStatus(java.lang.Long,ch.fhnw.timerecordingbackend.model.enums.UserStatus); target is of class [ch.fhnw.timerecordingbackend.controller.AdminController]
2025-05-30T20:47:33.449+02:00 DEBUG 31699 --- [time-recording-backend-test] [o-auto-1-exec-7] horizationManagerBeforeMethodInterceptor : Authorized method invocation ReflectiveMethodInvocation: public org.springframework.http.ResponseEntity ch.fhnw.timerecordingbackend.controller.AdminController.changeUserStatus(java.lang.Long,ch.fhnw.timerecordingbackend.model.enums.UserStatus); target is of class [ch.fhnw.timerecordingbackend.controller.AdminController]
User Status erfolgreich geändert
]]></system-out>
  </testcase>
  <testcase name="testSubmitRegistrationRequest" classname="ch.fhnw.timerecordingbackend.systemtest.TimeRecordingSystemTest" time="0.008">
    <system-out><![CDATA[2025-05-30T20:47:33.460+02:00 DEBUG 31699 --- [time-recording-backend-test] [o-auto-1-exec-8] o.s.security.web.FilterChainProxy        : Securing POST /api/public/registration-requests
2025-05-30T20:47:33.460+02:00 DEBUG 31699 --- [time-recording-backend-test] [o-auto-1-exec-8] o.s.s.w.a.AnonymousAuthenticationFilter  : Set SecurityContextHolder to anonymous SecurityContext
2025-05-30T20:47:33.460+02:00 DEBUG 31699 --- [time-recording-backend-test] [o-auto-1-exec-8] o.s.security.web.FilterChainProxy        : Secured POST /api/public/registration-requests
Registrierungsanfrage eingereicht
]]></system-out>
  </testcase>
  <testcase name="testGetPendingRegistrationRequests" classname="ch.fhnw.timerecordingbackend.systemtest.TimeRecordingSystemTest" time="0.007">
    <system-out><![CDATA[2025-05-30T20:47:33.468+02:00 DEBUG 31699 --- [time-recording-backend-test] [o-auto-1-exec-9] o.s.security.web.FilterChainProxy        : Securing GET /api/admin/registration-requests/pending
2025-05-30T20:47:33.471+02:00 DEBUG 31699 --- [time-recording-backend-test] [o-auto-1-exec-9] o.s.security.web.FilterChainProxy        : Secured GET /api/admin/registration-requests/pending
2025-05-30T20:47:33.471+02:00 DEBUG 31699 --- [time-recording-backend-test] [o-auto-1-exec-9] horizationManagerBeforeMethodInterceptor : Authorizing method invocation ReflectiveMethodInvocation: public org.springframework.http.ResponseEntity ch.fhnw.timerecordingbackend.controller.AdminController.getPendingRegistrationRequests(); target is of class [ch.fhnw.timerecordingbackend.controller.AdminController]
2025-05-30T20:47:33.471+02:00 DEBUG 31699 --- [time-recording-backend-test] [o-auto-1-exec-9] horizationManagerBeforeMethodInterceptor : Authorized method invocation ReflectiveMethodInvocation: public org.springframework.http.ResponseEntity ch.fhnw.timerecordingbackend.controller.AdminController.getPendingRegistrationRequests(); target is of class [ch.fhnw.timerecordingbackend.controller.AdminController]
Pending Registration Requests abgerufen: 1
]]></system-out>
  </testcase>
  <testcase name="testCreateProject" classname="ch.fhnw.timerecordingbackend.systemtest.TimeRecordingSystemTest" time="0.011">
    <system-out><![CDATA[2025-05-30T20:47:33.477+02:00 DEBUG 31699 --- [time-recording-backend-test] [-auto-1-exec-10] o.s.security.web.FilterChainProxy        : Securing POST /api/projects
2025-05-30T20:47:33.479+02:00 DEBUG 31699 --- [time-recording-backend-test] [-auto-1-exec-10] o.s.security.web.FilterChainProxy        : Secured POST /api/projects
2025-05-30T20:47:33.481+02:00 DEBUG 31699 --- [time-recording-backend-test] [-auto-1-exec-10] horizationManagerBeforeMethodInterceptor : Authorizing method invocation ReflectiveMethodInvocation: public org.springframework.http.ResponseEntity ch.fhnw.timerecordingbackend.controller.ProjectController.createProject(ch.fhnw.timerecordingbackend.dto.project.ProjectRequest); target is of class [ch.fhnw.timerecordingbackend.controller.ProjectController]
2025-05-30T20:47:33.481+02:00 DEBUG 31699 --- [time-recording-backend-test] [-auto-1-exec-10] horizationManagerBeforeMethodInterceptor : Authorized method invocation ReflectiveMethodInvocation: public org.springframework.http.ResponseEntity ch.fhnw.timerecordingbackend.controller.ProjectController.createProject(ch.fhnw.timerecordingbackend.dto.project.ProjectRequest); target is of class [ch.fhnw.timerecordingbackend.controller.ProjectController]
Projekt erstellt mit ID: 1
]]></system-out>
  </testcase>
  <testcase name="testGetActiveProjects" classname="ch.fhnw.timerecordingbackend.systemtest.TimeRecordingSystemTest" time="0.021">
    <failure message="expected: &lt;200 OK&gt; but was: &lt;500 INTERNAL_SERVER_ERROR&gt;" type="org.opentest4j.AssertionFailedError"><![CDATA[org.opentest4j.AssertionFailedError: expected: <200 OK> but was: <500 INTERNAL_SERVER_ERROR>
	at org.junit.jupiter.api.AssertionFailureBuilder.build(AssertionFailureBuilder.java:151)
	at org.junit.jupiter.api.AssertionFailureBuilder.buildAndThrow(AssertionFailureBuilder.java:132)
	at org.junit.jupiter.api.AssertEquals.failNotEqual(AssertEquals.java:197)
	at org.junit.jupiter.api.AssertEquals.assertEquals(AssertEquals.java:182)
	at org.junit.jupiter.api.AssertEquals.assertEquals(AssertEquals.java:177)
	at org.junit.jupiter.api.Assertions.assertEquals(Assertions.java:1145)
	at ch.fhnw.timerecordingbackend.systemtest.TimeRecordingSystemTest.testGetActiveProjects(TimeRecordingSystemTest.java:289)
	at java.base/java.lang.reflect.Method.invoke(Method.java:580)
	at java.base/java.util.ArrayList.forEach(ArrayList.java:1596)
	at java.base/java.util.ArrayList.forEach(ArrayList.java:1596)
]]></failure>
    <system-out><![CDATA[2025-05-30T20:47:33.488+02:00 DEBUG 31699 --- [time-recording-backend-test] [o-auto-1-exec-1] o.s.security.web.FilterChainProxy        : Securing GET /api/projects/active
2025-05-30T20:47:33.490+02:00 DEBUG 31699 --- [time-recording-backend-test] [o-auto-1-exec-1] o.s.security.web.FilterChainProxy        : Secured GET /api/projects/active
2025-05-30T20:47:33.501+02:00  WARN 31699 --- [time-recording-backend-test] [o-auto-1-exec-1] o.h.engine.jdbc.spi.SqlExceptionHelper   : SQL Error: 90022, SQLState: 90022
2025-05-30T20:47:33.501+02:00 ERROR 31699 --- [time-recording-backend-test] [o-auto-1-exec-1] o.h.engine.jdbc.spi.SqlExceptionHelper   : Funktion "TO_TIMESTAMP" nicht gefunden
Function "TO_TIMESTAMP" not found; SQL statement:
SELECT COALESCE(SUM(EXTRACT(HOUR FROM TO_TIMESTAMP(t.actual_hours, 'HH24:MI')) * 60 + EXTRACT(MINUTE FROM TO_TIMESTAMP(t.actual_hours, 'HH24:MI'))), 0) FROM time_entries t WHERE t.project_id = ? [90022-232]
]]></system-out>
  </testcase>
  <testcase name="testUpdateProjectStatus" classname="ch.fhnw.timerecordingbackend.systemtest.TimeRecordingSystemTest" time="0.014">
    <system-out><![CDATA[2025-05-30T20:47:33.510+02:00 DEBUG 31699 --- [time-recording-backend-test] [o-auto-1-exec-2] o.s.security.web.FilterChainProxy        : Securing PATCH /api/projects/1/deactivate
2025-05-30T20:47:33.513+02:00 DEBUG 31699 --- [time-recording-backend-test] [o-auto-1-exec-2] o.s.security.web.FilterChainProxy        : Secured PATCH /api/projects/1/deactivate
2025-05-30T20:47:33.513+02:00 DEBUG 31699 --- [time-recording-backend-test] [o-auto-1-exec-2] horizationManagerBeforeMethodInterceptor : Authorizing method invocation ReflectiveMethodInvocation: public org.springframework.http.ResponseEntity ch.fhnw.timerecordingbackend.controller.ProjectController.deactivateProject(java.lang.Long); target is of class [ch.fhnw.timerecordingbackend.controller.ProjectController]
2025-05-30T20:47:33.514+02:00 DEBUG 31699 --- [time-recording-backend-test] [o-auto-1-exec-2] horizationManagerBeforeMethodInterceptor : Authorized method invocation ReflectiveMethodInvocation: public org.springframework.http.ResponseEntity ch.fhnw.timerecordingbackend.controller.ProjectController.deactivateProject(java.lang.Long); target is of class [ch.fhnw.timerecordingbackend.controller.ProjectController]
Projekt deaktiviert
2025-05-30T20:47:33.517+02:00 DEBUG 31699 --- [time-recording-backend-test] [o-auto-1-exec-3] o.s.security.web.FilterChainProxy        : Securing PATCH /api/projects/1/activate
2025-05-30T20:47:33.519+02:00 DEBUG 31699 --- [time-recording-backend-test] [o-auto-1-exec-3] o.s.security.web.FilterChainProxy        : Secured PATCH /api/projects/1/activate
2025-05-30T20:47:33.519+02:00 DEBUG 31699 --- [time-recording-backend-test] [o-auto-1-exec-3] horizationManagerBeforeMethodInterceptor : Authorizing method invocation ReflectiveMethodInvocation: public org.springframework.http.ResponseEntity ch.fhnw.timerecordingbackend.controller.ProjectController.activateProject(java.lang.Long); target is of class [ch.fhnw.timerecordingbackend.controller.ProjectController]
2025-05-30T20:47:33.520+02:00 DEBUG 31699 --- [time-recording-backend-test] [o-auto-1-exec-3] horizationManagerBeforeMethodInterceptor : Authorized method invocation ReflectiveMethodInvocation: public org.springframework.http.ResponseEntity ch.fhnw.timerecordingbackend.controller.ProjectController.activateProject(java.lang.Long); target is of class [ch.fhnw.timerecordingbackend.controller.ProjectController]
Projekt wieder aktiviert
]]></system-out>
  </testcase>
  <testcase name="testCreateTimeEntry" classname="ch.fhnw.timerecordingbackend.systemtest.TimeRecordingSystemTest" time="0.02">
    <system-out><![CDATA[2025-05-30T20:47:33.525+02:00 DEBUG 31699 --- [time-recording-backend-test] [o-auto-1-exec-4] o.s.security.web.FilterChainProxy        : Securing POST /api/time-entries
2025-05-30T20:47:33.528+02:00 DEBUG 31699 --- [time-recording-backend-test] [o-auto-1-exec-4] o.s.security.web.FilterChainProxy        : Secured POST /api/time-entries
Zeiteintrag erstellt mit ID: 1
]]></system-out>
  </testcase>
  <testcase name="testGetTimeEntries" classname="ch.fhnw.timerecordingbackend.systemtest.TimeRecordingSystemTest" time="0.012">
    <system-out><![CDATA[2025-05-30T20:47:33.544+02:00 DEBUG 31699 --- [time-recording-backend-test] [o-auto-1-exec-5] o.s.security.web.FilterChainProxy        : Securing GET /api/time-entries
2025-05-30T20:47:33.547+02:00 DEBUG 31699 --- [time-recording-backend-test] [o-auto-1-exec-5] o.s.security.web.FilterChainProxy        : Secured GET /api/time-entries
Zeiteinträge abgerufen: 1
]]></system-out>
  </testcase>
  <testcase name="testTimeTracking" classname="ch.fhnw.timerecordingbackend.systemtest.TimeRecordingSystemTest" time="2.034">
    <system-out><![CDATA[2025-05-30T20:47:33.558+02:00 DEBUG 31699 --- [time-recording-backend-test] [o-auto-1-exec-6] o.s.security.web.FilterChainProxy        : Securing POST /api/time-entries/start
2025-05-30T20:47:33.560+02:00 DEBUG 31699 --- [time-recording-backend-test] [o-auto-1-exec-6] o.s.security.web.FilterChainProxy        : Secured POST /api/time-entries/start
Zeiterfassung gestartet mit Entry ID: 2
2025-05-30T20:47:35.573+02:00 DEBUG 31699 --- [time-recording-backend-test] [o-auto-1-exec-7] o.s.security.web.FilterChainProxy        : Securing POST /api/time-entries/2/stop
2025-05-30T20:47:35.580+02:00 DEBUG 31699 --- [time-recording-backend-test] [o-auto-1-exec-7] o.s.security.web.FilterChainProxy        : Secured POST /api/time-entries/2/stop
Zeiterfassung gestoppt
]]></system-out>
  </testcase>
  <testcase name="testUpdateTimeEntry" classname="ch.fhnw.timerecordingbackend.systemtest.TimeRecordingSystemTest" time="0.017">
    <system-out><![CDATA[2025-05-30T20:47:35.594+02:00 DEBUG 31699 --- [time-recording-backend-test] [o-auto-1-exec-8] o.s.security.web.FilterChainProxy        : Securing PUT /api/time-entries/1
2025-05-30T20:47:35.598+02:00 DEBUG 31699 --- [time-recording-backend-test] [o-auto-1-exec-8] o.s.security.web.FilterChainProxy        : Secured PUT /api/time-entries/1
Zeiteintrag aktualisiert
]]></system-out>
  </testcase>
  <testcase name="testCreateAbsenceRequest" classname="ch.fhnw.timerecordingbackend.systemtest.TimeRecordingSystemTest" time="0.016">
    <system-out><![CDATA[2025-05-30T20:47:35.611+02:00 DEBUG 31699 --- [time-recording-backend-test] [o-auto-1-exec-9] o.s.security.web.FilterChainProxy        : Securing POST /api/absences
2025-05-30T20:47:35.614+02:00 DEBUG 31699 --- [time-recording-backend-test] [o-auto-1-exec-9] o.s.security.web.FilterChainProxy        : Secured POST /api/absences
Abwesenheitsantrag erstellt mit ID: 1
]]></system-out>
  </testcase>
  <testcase name="testGetUserAbsences" classname="ch.fhnw.timerecordingbackend.systemtest.TimeRecordingSystemTest" time="0.008">
    <system-out><![CDATA[2025-05-30T20:47:35.626+02:00 DEBUG 31699 --- [time-recording-backend-test] [-auto-1-exec-10] o.s.security.web.FilterChainProxy        : Securing GET /api/absences
2025-05-30T20:47:35.628+02:00 DEBUG 31699 --- [time-recording-backend-test] [-auto-1-exec-10] o.s.security.web.FilterChainProxy        : Secured GET /api/absences
Abwesenheiten abgerufen: 1
]]></system-out>
  </testcase>
  <testcase name="testGetPendingAbsences" classname="ch.fhnw.timerecordingbackend.systemtest.TimeRecordingSystemTest" time="0.009">
    <system-out><![CDATA[2025-05-30T20:47:35.635+02:00 DEBUG 31699 --- [time-recording-backend-test] [o-auto-1-exec-1] o.s.security.web.FilterChainProxy        : Securing GET /api/absences/pending
2025-05-30T20:47:35.637+02:00 DEBUG 31699 --- [time-recording-backend-test] [o-auto-1-exec-1] o.s.security.web.FilterChainProxy        : Secured GET /api/absences/pending
2025-05-30T20:47:35.637+02:00 DEBUG 31699 --- [time-recording-backend-test] [o-auto-1-exec-1] horizationManagerBeforeMethodInterceptor : Authorizing method invocation ReflectiveMethodInvocation: public org.springframework.http.ResponseEntity ch.fhnw.timerecordingbackend.controller.AbsenceController.getPendingAbsences(); target is of class [ch.fhnw.timerecordingbackend.controller.AbsenceController]
2025-05-30T20:47:35.638+02:00 DEBUG 31699 --- [time-recording-backend-test] [o-auto-1-exec-1] horizationManagerBeforeMethodInterceptor : Authorized method invocation ReflectiveMethodInvocation: public org.springframework.http.ResponseEntity ch.fhnw.timerecordingbackend.controller.AbsenceController.getPendingAbsences(); target is of class [ch.fhnw.timerecordingbackend.controller.AbsenceController]
Ausstehende Abwesenheiten abgerufen (Manager)
]]></system-out>
  </testcase>
  <testcase name="testApproveAbsence" classname="ch.fhnw.timerecordingbackend.systemtest.TimeRecordingSystemTest" time="0.008">
    <system-out><![CDATA[2025-05-30T20:47:35.644+02:00 DEBUG 31699 --- [time-recording-backend-test] [o-auto-1-exec-2] o.s.security.web.FilterChainProxy        : Securing PATCH /api/absences/1/approve
2025-05-30T20:47:35.646+02:00 DEBUG 31699 --- [time-recording-backend-test] [o-auto-1-exec-2] o.s.security.web.FilterChainProxy        : Secured PATCH /api/absences/1/approve
2025-05-30T20:47:35.646+02:00 DEBUG 31699 --- [time-recording-backend-test] [o-auto-1-exec-2] horizationManagerBeforeMethodInterceptor : Authorizing method invocation ReflectiveMethodInvocation: public org.springframework.http.ResponseEntity ch.fhnw.timerecordingbackend.controller.AbsenceController.approveAbsence(java.lang.Long); target is of class [ch.fhnw.timerecordingbackend.controller.AbsenceController]
2025-05-30T20:47:35.647+02:00 DEBUG 31699 --- [time-recording-backend-test] [o-auto-1-exec-2] horizationManagerBeforeMethodInterceptor : Authorized method invocation ReflectiveMethodInvocation: public org.springframework.http.ResponseEntity ch.fhnw.timerecordingbackend.controller.AbsenceController.approveAbsence(java.lang.Long); target is of class [ch.fhnw.timerecordingbackend.controller.AbsenceController]
Abwesenheit genehmigt (Manager)
]]></system-out>
  </testcase>
  <testcase name="testUpdateAbsence" classname="ch.fhnw.timerecordingbackend.systemtest.TimeRecordingSystemTest" time="0.01">
    <system-out><![CDATA[2025-05-30T20:47:35.653+02:00 DEBUG 31699 --- [time-recording-backend-test] [o-auto-1-exec-3] o.s.security.web.FilterChainProxy        : Securing PUT /api/absences/1
2025-05-30T20:47:35.656+02:00 DEBUG 31699 --- [time-recording-backend-test] [o-auto-1-exec-3] o.s.security.web.FilterChainProxy        : Secured PUT /api/absences/1
2025-05-30T20:47:35.656+02:00 DEBUG 31699 --- [time-recording-backend-test] [o-auto-1-exec-3] horizationManagerBeforeMethodInterceptor : Authorizing method invocation ReflectiveMethodInvocation: public org.springframework.http.ResponseEntity ch.fhnw.timerecordingbackend.controller.AbsenceController.updateAbsence(java.lang.Long,ch.fhnw.timerecordingbackend.dto.absence.AbsenceRequest); target is of class [ch.fhnw.timerecordingbackend.controller.AbsenceController]
2025-05-30T20:47:35.659+02:00 DEBUG 31699 --- [time-recording-backend-test] [o-auto-1-exec-3] horizationManagerBeforeMethodInterceptor : Authorized method invocation ReflectiveMethodInvocation: public org.springframework.http.ResponseEntity ch.fhnw.timerecordingbackend.controller.AbsenceController.updateAbsence(java.lang.Long,ch.fhnw.timerecordingbackend.dto.absence.AbsenceRequest); target is of class [ch.fhnw.timerecordingbackend.controller.AbsenceController]
Update genehmigter Abwesenheit korrekt verhindert
]]></system-out>
  </testcase>
  <testcase name="testChangePassword" classname="ch.fhnw.timerecordingbackend.systemtest.TimeRecordingSystemTest" time="0.115">
    <system-out><![CDATA[2025-05-30T20:47:35.664+02:00 DEBUG 31699 --- [time-recording-backend-test] [o-auto-1-exec-4] o.s.security.web.FilterChainProxy        : Securing PUT /api/users/change-password
2025-05-30T20:47:35.666+02:00 DEBUG 31699 --- [time-recording-backend-test] [o-auto-1-exec-4] o.s.security.web.FilterChainProxy        : Secured PUT /api/users/change-password
Passwort erfolgreich geändert
]]></system-out>
  </testcase>
  <testcase name="testResetPassword" classname="ch.fhnw.timerecordingbackend.systemtest.TimeRecordingSystemTest" time="0.069">
    <system-out><![CDATA[2025-05-30T20:47:35.779+02:00 DEBUG 31699 --- [time-recording-backend-test] [o-auto-1-exec-5] o.s.security.web.FilterChainProxy        : Securing POST /api/admin/users/4/reset-password
2025-05-30T20:47:35.781+02:00 DEBUG 31699 --- [time-recording-backend-test] [o-auto-1-exec-5] o.s.security.web.FilterChainProxy        : Secured POST /api/admin/users/4/reset-password
2025-05-30T20:47:35.781+02:00 DEBUG 31699 --- [time-recording-backend-test] [o-auto-1-exec-5] horizationManagerBeforeMethodInterceptor : Authorizing method invocation ReflectiveMethodInvocation: public org.springframework.http.ResponseEntity ch.fhnw.timerecordingbackend.controller.AdminController.resetUserPassword(java.lang.Long); target is of class [ch.fhnw.timerecordingbackend.controller.AdminController]
2025-05-30T20:47:35.782+02:00 DEBUG 31699 --- [time-recording-backend-test] [o-auto-1-exec-5] horizationManagerBeforeMethodInterceptor : Authorized method invocation ReflectiveMethodInvocation: public org.springframework.http.ResponseEntity ch.fhnw.timerecordingbackend.controller.AdminController.resetUserPassword(java.lang.Long); target is of class [ch.fhnw.timerecordingbackend.controller.AdminController]
DEBUG UserServiceImpl: ----- Start Log-Suche für Passwort-Reset-Anfrage (Workaround) -----
DEBUG UserServiceImpl: Suche für userId = 4
DEBUG UserServiceImpl: Suche nach action = "Passwort Reset angefordert" und Status IS NULL oder PENDING
DEBUG UserServiceImpl: Kein Log mit Status NULL gefunden für Action "Passwort Reset angefordert". Suche nach Status PENDING.
DEBUG UserServiceImpl: FEHLER (Workaround): Kein passender SystemLog (Status NULL oder PENDING) mit Action 'Passwort Reset angefordert' für User ID 4 gefunden.
DEBUG UserServiceImpl (Workaround): Auch KEINE Logs für userId 4 und Action 'Passwort Reset angefordert' (unabhängig vom Status) gefunden.
DEBUG UserServiceImpl: ----- Ende Log-Suche (Workaround) -----
Passwort zurückgesetzt (Admin
]]></system-out>
  </testcase>
  <testcase name="testCreateBackup" classname="ch.fhnw.timerecordingbackend.systemtest.TimeRecordingSystemTest" time="0.023">
    <system-out><![CDATA[2025-05-30T20:47:35.854+02:00 DEBUG 31699 --- [time-recording-backend-test] [o-auto-1-exec-6] o.s.security.web.FilterChainProxy        : Securing POST /api/admin/backups/create
2025-05-30T20:47:35.857+02:00 DEBUG 31699 --- [time-recording-backend-test] [o-auto-1-exec-6] o.s.security.web.FilterChainProxy        : Secured POST /api/admin/backups/create
2025-05-30T20:47:35.857+02:00 DEBUG 31699 --- [time-recording-backend-test] [o-auto-1-exec-6] horizationManagerBeforeMethodInterceptor : Authorizing method invocation ReflectiveMethodInvocation: public org.springframework.http.ResponseEntity ch.fhnw.timerecordingbackend.controller.BackupController.triggerBackup(); target is of class [ch.fhnw.timerecordingbackend.controller.BackupController]
2025-05-30T20:47:35.857+02:00 DEBUG 31699 --- [time-recording-backend-test] [o-auto-1-exec-6] horizationManagerBeforeMethodInterceptor : Authorized method invocation ReflectiveMethodInvocation: public org.springframework.http.ResponseEntity ch.fhnw.timerecordingbackend.controller.BackupController.triggerBackup(); target is of class [ch.fhnw.timerecordingbackend.controller.BackupController]
2025-05-30T20:47:35.858+02:00  INFO 31699 --- [time-recording-backend-test] [o-auto-1-exec-6] c.f.t.service.BackupServiceImpl          : Backup-Prozess gestartet...
2025-05-30T20:47:35.860+02:00  INFO 31699 --- [time-recording-backend-test] [o-auto-1-exec-6] c.f.t.service.BackupServiceImpl          : 4 Benutzer gefunden.
2025-05-30T20:47:35.860+02:00  INFO 31699 --- [time-recording-backend-test] [o-auto-1-exec-6] c.f.t.service.BackupServiceImpl          : 1 Projekte gefunden.
2025-05-30T20:47:35.863+02:00  INFO 31699 --- [time-recording-backend-test] [o-auto-1-exec-6] c.f.t.service.BackupServiceImpl          : 2 Zeiteinträge gefunden.
2025-05-30T20:47:35.863+02:00  INFO 31699 --- [time-recording-backend-test] [o-auto-1-exec-6] c.f.t.service.BackupServiceImpl          : 1 Abwesenheiten gefunden.
2025-05-30T20:47:35.868+02:00  INFO 31699 --- [time-recording-backend-test] [o-auto-1-exec-6] c.f.t.service.BackupServiceImpl          : Backup erfolgreich erstellt: /Users/philippdunkel/IdeaProjects/backend/./backups/timerecording_backup_20250530_204735.json
Backup erstellt: /Users/philippdunkel/IdeaProjects/backend/./backups/timerecording_backup_20250530_204735.json
]]></system-out>
  </testcase>
  <testcase name="testListBackups" classname="ch.fhnw.timerecordingbackend.systemtest.TimeRecordingSystemTest" time="0.008">
    <system-out><![CDATA[2025-05-30T20:47:35.871+02:00 DEBUG 31699 --- [time-recording-backend-test] [o-auto-1-exec-7] o.s.security.web.FilterChainProxy        : Securing GET /api/admin/backups
2025-05-30T20:47:35.875+02:00 DEBUG 31699 --- [time-recording-backend-test] [o-auto-1-exec-7] o.s.security.web.FilterChainProxy        : Secured GET /api/admin/backups
2025-05-30T20:47:35.875+02:00 DEBUG 31699 --- [time-recording-backend-test] [o-auto-1-exec-7] horizationManagerBeforeMethodInterceptor : Authorizing method invocation ReflectiveMethodInvocation: public org.springframework.http.ResponseEntity ch.fhnw.timerecordingbackend.controller.BackupController.listBackups(); target is of class [ch.fhnw.timerecordingbackend.controller.BackupController]
2025-05-30T20:47:35.875+02:00 DEBUG 31699 --- [time-recording-backend-test] [o-auto-1-exec-7] horizationManagerBeforeMethodInterceptor : Authorized method invocation ReflectiveMethodInvocation: public org.springframework.http.ResponseEntity ch.fhnw.timerecordingbackend.controller.BackupController.listBackups(); target is of class [ch.fhnw.timerecordingbackend.controller.BackupController]
✅ Backup-Liste abgerufen: 2 Dateien
]]></system-out>
  </testcase>
  <testcase name="testGetSystemLogs" classname="ch.fhnw.timerecordingbackend.systemtest.TimeRecordingSystemTest" time="0.009">
    <system-out><![CDATA[2025-05-30T20:47:35.880+02:00 DEBUG 31699 --- [time-recording-backend-test] [o-auto-1-exec-8] o.s.security.web.FilterChainProxy        : Securing GET /api/admin/logs
2025-05-30T20:47:35.882+02:00 DEBUG 31699 --- [time-recording-backend-test] [o-auto-1-exec-8] o.s.security.web.FilterChainProxy        : Secured GET /api/admin/logs
2025-05-30T20:47:35.883+02:00 DEBUG 31699 --- [time-recording-backend-test] [o-auto-1-exec-8] horizationManagerBeforeMethodInterceptor : Authorizing method invocation ReflectiveMethodInvocation: public org.springframework.http.ResponseEntity ch.fhnw.timerecordingbackend.controller.AdminController.getSystemLogs(); target is of class [ch.fhnw.timerecordingbackend.controller.AdminController]
2025-05-30T20:47:35.883+02:00 DEBUG 31699 --- [time-recording-backend-test] [o-auto-1-exec-8] horizationManagerBeforeMethodInterceptor : Authorized method invocation ReflectiveMethodInvocation: public org.springframework.http.ResponseEntity ch.fhnw.timerecordingbackend.controller.AdminController.getSystemLogs(); target is of class [ch.fhnw.timerecordingbackend.controller.AdminController]
System-Logs abgerufen: 13 Einträge
]]></system-out>
  </testcase>
  <testcase name="testUnauthorizedAccess" classname="ch.fhnw.timerecordingbackend.systemtest.TimeRecordingSystemTest" time="0.005">
    <failure message="expected: &lt;401 UNAUTHORIZED&gt; but was: &lt;403 FORBIDDEN&gt;" type="org.opentest4j.AssertionFailedError"><![CDATA[org.opentest4j.AssertionFailedError: expected: <401 UNAUTHORIZED> but was: <403 FORBIDDEN>
	at org.junit.jupiter.api.AssertionFailureBuilder.build(AssertionFailureBuilder.java:151)
	at org.junit.jupiter.api.AssertionFailureBuilder.buildAndThrow(AssertionFailureBuilder.java:132)
	at org.junit.jupiter.api.AssertEquals.failNotEqual(AssertEquals.java:197)
	at org.junit.jupiter.api.AssertEquals.assertEquals(AssertEquals.java:182)
	at org.junit.jupiter.api.AssertEquals.assertEquals(AssertEquals.java:177)
	at org.junit.jupiter.api.Assertions.assertEquals(Assertions.java:1145)
	at ch.fhnw.timerecordingbackend.systemtest.TimeRecordingSystemTest.testUnauthorizedAccess(TimeRecordingSystemTest.java:659)
	at java.base/java.lang.reflect.Method.invoke(Method.java:580)
	at java.base/java.util.ArrayList.forEach(ArrayList.java:1596)
	at java.base/java.util.ArrayList.forEach(ArrayList.java:1596)
]]></failure>
    <system-out><![CDATA[2025-05-30T20:47:35.889+02:00 DEBUG 31699 --- [time-recording-backend-test] [o-auto-1-exec-9] o.s.security.web.FilterChainProxy        : Securing GET /api/admin/users
2025-05-30T20:47:35.889+02:00 DEBUG 31699 --- [time-recording-backend-test] [o-auto-1-exec-9] o.s.s.w.a.AnonymousAuthenticationFilter  : Set SecurityContextHolder to anonymous SecurityContext
2025-05-30T20:47:35.889+02:00 DEBUG 31699 --- [time-recording-backend-test] [o-auto-1-exec-9] o.s.s.w.a.Http403ForbiddenEntryPoint     : Pre-authenticated entry point called. Rejecting access
2025-05-30T20:47:35.891+02:00 DEBUG 31699 --- [time-recording-backend-test] [o-auto-1-exec-9] o.s.security.web.FilterChainProxy        : Securing GET /error
2025-05-30T20:47:35.892+02:00 DEBUG 31699 --- [time-recording-backend-test] [o-auto-1-exec-9] o.s.s.w.a.AnonymousAuthenticationFilter  : Set SecurityContextHolder to anonymous SecurityContext
2025-05-30T20:47:35.892+02:00 DEBUG 31699 --- [time-recording-backend-test] [o-auto-1-exec-9] o.s.s.w.a.Http403ForbiddenEntryPoint     : Pre-authenticated entry point called. Rejecting access
]]></system-out>
  </testcase>
  <testcase name="testForbiddenAccess" classname="ch.fhnw.timerecordingbackend.systemtest.TimeRecordingSystemTest" time="0.005">
    <system-out><![CDATA[2025-05-30T20:47:35.895+02:00 DEBUG 31699 --- [time-recording-backend-test] [-auto-1-exec-10] o.s.security.web.FilterChainProxy        : Securing GET /api/admin/users
2025-05-30T20:47:35.897+02:00 DEBUG 31699 --- [time-recording-backend-test] [-auto-1-exec-10] o.s.s.w.access.AccessDeniedHandlerImpl   : Responding with 403 status code
2025-05-30T20:47:35.898+02:00 DEBUG 31699 --- [time-recording-backend-test] [-auto-1-exec-10] o.s.security.web.FilterChainProxy        : Securing GET /error
2025-05-30T20:47:35.898+02:00 DEBUG 31699 --- [time-recording-backend-test] [-auto-1-exec-10] o.s.s.w.a.AnonymousAuthenticationFilter  : Set SecurityContextHolder to anonymous SecurityContext
2025-05-30T20:47:35.898+02:00 DEBUG 31699 --- [time-recording-backend-test] [-auto-1-exec-10] o.s.s.w.a.Http403ForbiddenEntryPoint     : Pre-authenticated entry point called. Rejecting access
Forbidden Access korrekt abgelehnt
]]></system-out>
  </testcase>
  <testcase name="testDeleteTimeEntry" classname="ch.fhnw.timerecordingbackend.systemtest.TimeRecordingSystemTest" time="0.017">
    <system-out><![CDATA[2025-05-30T20:47:35.901+02:00 DEBUG 31699 --- [time-recording-backend-test] [o-auto-1-exec-1] o.s.security.web.FilterChainProxy        : Securing DELETE /api/time-entries/1
2025-05-30T20:47:35.903+02:00 DEBUG 31699 --- [time-recording-backend-test] [o-auto-1-exec-1] o.s.security.web.FilterChainProxy        : Secured DELETE /api/time-entries/1
2025-05-30T20:47:35.907+02:00 DEBUG 31699 --- [time-recording-backend-test] [o-auto-1-exec-1] horizationManagerBeforeMethodInterceptor : Authorizing method invocation ReflectiveMethodInvocation: public org.springframework.http.ResponseEntity ch.fhnw.timerecordingbackend.controller.TimeEntryController.deleteTimeEntry(java.lang.Long); target is of class [ch.fhnw.timerecordingbackend.controller.TimeEntryController]
2025-05-30T20:47:35.909+02:00 DEBUG 31699 --- [time-recording-backend-test] [o-auto-1-exec-1] horizationManagerBeforeMethodInterceptor : Authorized method invocation ReflectiveMethodInvocation: public org.springframework.http.ResponseEntity ch.fhnw.timerecordingbackend.controller.TimeEntryController.deleteTimeEntry(java.lang.Long); target is of class [ch.fhnw.timerecordingbackend.controller.TimeEntryController]
Zeiteintrag gelöscht
]]></system-out>
  </testcase>
  <testcase name="testLogout" classname="ch.fhnw.timerecordingbackend.systemtest.TimeRecordingSystemTest" time="0.008">
    <system-out><![CDATA[2025-05-30T20:47:35.918+02:00 DEBUG 31699 --- [time-recording-backend-test] [o-auto-1-exec-2] o.s.security.web.FilterChainProxy        : Securing POST /api/auth/logout
2025-05-30T20:47:35.920+02:00 DEBUG 31699 --- [time-recording-backend-test] [o-auto-1-exec-2] o.s.security.web.FilterChainProxy        : Secured POST /api/auth/logout
Logout erfolgreich
2025-05-30T20:47:35.923+02:00 DEBUG 31699 --- [time-recording-backend-test] [o-auto-1-exec-3] o.s.security.web.FilterChainProxy        : Securing GET /api/time-entries
2025-05-30T20:47:35.923+02:00 DEBUG 31699 --- [time-recording-backend-test] [o-auto-1-exec-3] o.s.s.w.a.AnonymousAuthenticationFilter  : Set SecurityContextHolder to anonymous SecurityContext
2025-05-30T20:47:35.923+02:00 DEBUG 31699 --- [time-recording-backend-test] [o-auto-1-exec-3] o.s.s.w.a.Http403ForbiddenEntryPoint     : Pre-authenticated entry point called. Rejecting access
2025-05-30T20:47:35.923+02:00 DEBUG 31699 --- [time-recording-backend-test] [o-auto-1-exec-3] o.s.security.web.FilterChainProxy        : Securing GET /error
2025-05-30T20:47:35.923+02:00 DEBUG 31699 --- [time-recording-backend-test] [o-auto-1-exec-3] o.s.s.w.a.AnonymousAuthenticationFilter  : Set SecurityContextHolder to anonymous SecurityContext
2025-05-30T20:47:35.923+02:00 DEBUG 31699 --- [time-recording-backend-test] [o-auto-1-exec-3] o.s.s.w.a.Http403ForbiddenEntryPoint     : Pre-authenticated entry point called. Rejecting access
Logout-Verhalten getestet
]]></system-out>
  </testcase>
  <testcase name="testSummary" classname="ch.fhnw.timerecordingbackend.systemtest.TimeRecordingSystemTest" time="0.0">
    <system-out><![CDATA[
============================================================
🎉 SYSTEMTEST ERFOLGREICH ABGESCHLOSSEN 🎉
============================================================
Alle 30 Systemtests erfolgreich durchlaufen
Authentication & Authorization getestet
User Management getestet
Project Management getestet
Time Entry Management getestet
Absence Management getestet
Password Management getestet
Backup Funktionalität getestet
System Logs getestet
Security & Error Handling getestet
============================================================
]]></system-out>
  </testcase>
</testsuite>